{"C:\\Users\\acer\\EcoSwap\\backend\\controllers\\adminController.js": {"path":"C:\\Users\\acer\\EcoSwap\\backend\\controllers\\adminController.js","statementMap":{"0":{"start":{"line":1,"column":71},"end":{"line":1,"column":91}},"1":{"start":{"line":2,"column":15},"end":{"line":2,"column":35}},"2":{"start":{"line":3,"column":18},"end":{"line":3,"column":47}},"3":{"start":{"line":5,"column":26},"end":{"line":67,"column":1}},"4":{"start":{"line":6,"column":2},"end":{"line":66,"column":3}},"5":{"start":{"line":7,"column":23},"end":{"line":7,"column":41}},"6":{"start":{"line":8,"column":24},"end":{"line":8,"column":74}},"7":{"start":{"line":9,"column":25},"end":{"line":9,"column":76}},"8":{"start":{"line":10,"column":26},"end":{"line":10,"column":47}},"9":{"start":{"line":11,"column":27},"end":{"line":11,"column":79}},"10":{"start":{"line":12,"column":25},"end":{"line":12,"column":75}},"11":{"start":{"line":13,"column":24},"end":{"line":13,"column":43}},"12":{"start":{"line":14,"column":26},"end":{"line":14,"column":77}},"13":{"start":{"line":15,"column":28},"end":{"line":15,"column":81}},"14":{"start":{"line":16,"column":25},"end":{"line":16,"column":96}},"15":{"start":{"line":18,"column":4},"end":{"line":18,"column":42}},"16":{"start":{"line":19,"column":4},"end":{"line":19,"column":44}},"17":{"start":{"line":20,"column":4},"end":{"line":20,"column":46}},"18":{"start":{"line":21,"column":4},"end":{"line":21,"column":48}},"19":{"start":{"line":22,"column":4},"end":{"line":22,"column":50}},"20":{"start":{"line":24,"column":25},"end":{"line":30,"column":6}},"21":{"start":{"line":32,"column":23},"end":{"line":37,"column":6}},"22":{"start":{"line":39,"column":4},"end":{"line":62,"column":7}},"23":{"start":{"line":64,"column":4},"end":{"line":64,"column":55}},"24":{"start":{"line":65,"column":4},"end":{"line":65,"column":63}},"25":{"start":{"line":69,"column":26},"end":{"line":134,"column":1}},"26":{"start":{"line":70,"column":2},"end":{"line":133,"column":3}},"27":{"start":{"line":72,"column":29},"end":{"line":79,"column":6}},"28":{"start":{"line":82,"column":28},"end":{"line":82,"column":102}},"29":{"start":{"line":82,"column":66},"end":{"line":82,"column":98}},"30":{"start":{"line":85,"column":22},"end":{"line":85,"column":32}},"31":{"start":{"line":86,"column":4},"end":{"line":86,"column":25}},"32":{"start":{"line":87,"column":32},"end":{"line":89,"column":64}},"33":{"start":{"line":88,"column":21},"end":{"line":88,"column":57}},"34":{"start":{"line":89,"column":28},"end":{"line":89,"column":60}},"35":{"start":{"line":92,"column":23},"end":{"line":92,"column":33}},"36":{"start":{"line":93,"column":4},"end":{"line":93,"column":49}},"37":{"start":{"line":94,"column":31},"end":{"line":96,"column":64}},"38":{"start":{"line":95,"column":21},"end":{"line":95,"column":58}},"39":{"start":{"line":96,"column":28},"end":{"line":96,"column":60}},"40":{"start":{"line":99,"column":27},"end":{"line":99,"column":29}},"41":{"start":{"line":100,"column":4},"end":{"line":113,"column":7}},"42":{"start":{"line":101,"column":23},"end":{"line":101,"column":35}},"43":{"start":{"line":102,"column":6},"end":{"line":109,"column":7}},"44":{"start":{"line":103,"column":8},"end":{"line":108,"column":10}},"45":{"start":{"line":110,"column":6},"end":{"line":110,"column":72}},"46":{"start":{"line":111,"column":6},"end":{"line":111,"column":75}},"47":{"start":{"line":112,"column":6},"end":{"line":112,"column":49}},"48":{"start":{"line":115,"column":23},"end":{"line":117,"column":18}},"49":{"start":{"line":116,"column":22},"end":{"line":116,"column":55}},"50":{"start":{"line":119,"column":4},"end":{"line":129,"column":7}},"51":{"start":{"line":131,"column":4},"end":{"line":131,"column":55}},"52":{"start":{"line":132,"column":4},"end":{"line":132,"column":79}},"53":{"start":{"line":136,"column":20},"end":{"line":179,"column":1}},"54":{"start":{"line":137,"column":2},"end":{"line":178,"column":3}},"55":{"start":{"line":138,"column":63},"end":{"line":138,"column":72}},"56":{"start":{"line":139,"column":19},"end":{"line":139,"column":37}},"57":{"start":{"line":140,"column":18},"end":{"line":140,"column":20}},"58":{"start":{"line":142,"column":4},"end":{"line":144,"column":5}},"59":{"start":{"line":143,"column":6},"end":{"line":143,"column":32}},"60":{"start":{"line":146,"column":4},"end":{"line":148,"column":5}},"61":{"start":{"line":147,"column":6},"end":{"line":147,"column":43}},"62":{"start":{"line":150,"column":4},"end":{"line":156,"column":5}},"63":{"start":{"line":151,"column":6},"end":{"line":155,"column":8}},"64":{"start":{"line":158,"column":35},"end":{"line":164,"column":6}},"65":{"start":{"line":166,"column":4},"end":{"line":174,"column":7}},"66":{"start":{"line":176,"column":4},"end":{"line":176,"column":49}},"67":{"start":{"line":177,"column":4},"end":{"line":177,"column":63}},"68":{"start":{"line":181,"column":25},"end":{"line":212,"column":1}},"69":{"start":{"line":182,"column":2},"end":{"line":211,"column":3}},"70":{"start":{"line":183,"column":19},"end":{"line":183,"column":29}},"71":{"start":{"line":184,"column":37},"end":{"line":184,"column":45}},"72":{"start":{"line":186,"column":17},"end":{"line":186,"column":40}},"73":{"start":{"line":187,"column":4},"end":{"line":189,"column":5}},"74":{"start":{"line":188,"column":6},"end":{"line":188,"column":65}},"75":{"start":{"line":191,"column":4},"end":{"line":193,"column":5}},"76":{"start":{"line":192,"column":6},"end":{"line":192,"column":76}},"77":{"start":{"line":195,"column":4},"end":{"line":198,"column":6}},"78":{"start":{"line":200,"column":24},"end":{"line":202,"column":6}},"79":{"start":{"line":204,"column":4},"end":{"line":207,"column":7}},"80":{"start":{"line":209,"column":4},"end":{"line":209,"column":54}},"81":{"start":{"line":210,"column":4},"end":{"line":210,"column":63}},"82":{"start":{"line":214,"column":23},"end":{"line":263,"column":1}},"83":{"start":{"line":215,"column":2},"end":{"line":262,"column":3}},"84":{"start":{"line":216,"column":75},"end":{"line":216,"column":84}},"85":{"start":{"line":217,"column":19},"end":{"line":217,"column":37}},"86":{"start":{"line":218,"column":18},"end":{"line":218,"column":20}},"87":{"start":{"line":220,"column":4},"end":{"line":222,"column":5}},"88":{"start":{"line":221,"column":6},"end":{"line":221,"column":28}},"89":{"start":{"line":224,"column":4},"end":{"line":226,"column":5}},"90":{"start":{"line":225,"column":6},"end":{"line":225,"column":34}},"91":{"start":{"line":228,"column":4},"end":{"line":230,"column":5}},"92":{"start":{"line":229,"column":6},"end":{"line":229,"column":47}},"93":{"start":{"line":232,"column":4},"end":{"line":237,"column":5}},"94":{"start":{"line":233,"column":6},"end":{"line":236,"column":8}},"95":{"start":{"line":239,"column":38},"end":{"line":248,"column":6}},"96":{"start":{"line":250,"column":4},"end":{"line":258,"column":7}},"97":{"start":{"line":260,"column":4},"end":{"line":260,"column":52}},"98":{"start":{"line":261,"column":4},"end":{"line":261,"column":63}},"99":{"start":{"line":265,"column":28},"end":{"line":302,"column":1}},"100":{"start":{"line":266,"column":2},"end":{"line":301,"column":3}},"101":{"start":{"line":267,"column":19},"end":{"line":267,"column":29}},"102":{"start":{"line":268,"column":35},"end":{"line":268,"column":43}},"103":{"start":{"line":270,"column":20},"end":{"line":270,"column":46}},"104":{"start":{"line":271,"column":4},"end":{"line":273,"column":5}},"105":{"start":{"line":272,"column":6},"end":{"line":272,"column":68}},"106":{"start":{"line":275,"column":23},"end":{"line":275,"column":25}},"107":{"start":{"line":276,"column":4},"end":{"line":280,"column":5}},"108":{"start":{"line":277,"column":6},"end":{"line":277,"column":41}},"109":{"start":{"line":278,"column":6},"end":{"line":278,"column":42}},"110":{"start":{"line":279,"column":6},"end":{"line":279,"column":41}},"111":{"start":{"line":281,"column":4},"end":{"line":283,"column":5}},"112":{"start":{"line":282,"column":6},"end":{"line":282,"column":33}},"113":{"start":{"line":285,"column":4},"end":{"line":285,"column":56}},"114":{"start":{"line":287,"column":27},"end":{"line":292,"column":6}},"115":{"start":{"line":294,"column":4},"end":{"line":297,"column":7}},"116":{"start":{"line":299,"column":4},"end":{"line":299,"column":57}},"117":{"start":{"line":300,"column":4},"end":{"line":300,"column":63}},"118":{"start":{"line":304,"column":21},"end":{"line":351,"column":1}},"119":{"start":{"line":305,"column":2},"end":{"line":350,"column":3}},"120":{"start":{"line":306,"column":53},"end":{"line":306,"column":62}},"121":{"start":{"line":307,"column":19},"end":{"line":307,"column":37}},"122":{"start":{"line":308,"column":18},"end":{"line":308,"column":20}},"123":{"start":{"line":310,"column":4},"end":{"line":312,"column":5}},"124":{"start":{"line":311,"column":6},"end":{"line":311,"column":28}},"125":{"start":{"line":314,"column":4},"end":{"line":316,"column":5}},"126":{"start":{"line":315,"column":6},"end":{"line":315,"column":56}},"127":{"start":{"line":318,"column":36},"end":{"line":336,"column":6}},"128":{"start":{"line":338,"column":4},"end":{"line":346,"column":7}},"129":{"start":{"line":348,"column":4},"end":{"line":348,"column":50}},"130":{"start":{"line":349,"column":4},"end":{"line":349,"column":63}},"131":{"start":{"line":353,"column":21},"end":{"line":534,"column":1}},"132":{"start":{"line":354,"column":2},"end":{"line":533,"column":3}},"133":{"start":{"line":355,"column":30},"end":{"line":355,"column":39}},"134":{"start":{"line":356,"column":17},"end":{"line":356,"column":33}},"135":{"start":{"line":357,"column":22},"end":{"line":357,"column":32}},"136":{"start":{"line":358,"column":4},"end":{"line":358,"column":50}},"137":{"start":{"line":360,"column":30},"end":{"line":360,"column":49}},"138":{"start":{"line":361,"column":4},"end":{"line":361,"column":66}},"139":{"start":{"line":363,"column":25},"end":{"line":365,"column":11}},"140":{"start":{"line":367,"column":28},"end":{"line":367,"column":46}},"141":{"start":{"line":369,"column":33},"end":{"line":374,"column":11}},"142":{"start":{"line":376,"column":34},"end":{"line":384,"column":11}},"143":{"start":{"line":386,"column":26},"end":{"line":388,"column":9}},"144":{"start":{"line":390,"column":23},"end":{"line":390,"column":41}},"145":{"start":{"line":391,"column":24},"end":{"line":395,"column":6}},"146":{"start":{"line":397,"column":32},"end":{"line":404,"column":6}},"147":{"start":{"line":406,"column":29},"end":{"line":408,"column":9}},"148":{"start":{"line":410,"column":30},"end":{"line":412,"column":6}},"149":{"start":{"line":414,"column":32},"end":{"line":419,"column":6}},"150":{"start":{"line":421,"column":33},"end":{"line":429,"column":6}},"151":{"start":{"line":431,"column":30},"end":{"line":433,"column":9}},"152":{"start":{"line":435,"column":26},"end":{"line":435,"column":47}},"153":{"start":{"line":436,"column":27},"end":{"line":436,"column":103}},"154":{"start":{"line":438,"column":31},"end":{"line":449,"column":45}},"155":{"start":{"line":451,"column":26},"end":{"line":466,"column":45}},"156":{"start":{"line":468,"column":27},"end":{"line":477,"column":45}},"157":{"start":{"line":479,"column":23},"end":{"line":492,"column":45}},"158":{"start":{"line":494,"column":26},"end":{"line":519,"column":5}},"159":{"start":{"line":521,"column":4},"end":{"line":529,"column":7}},"160":{"start":{"line":531,"column":4},"end":{"line":531,"column":49}},"161":{"start":{"line":532,"column":4},"end":{"line":532,"column":63}},"162":{"start":{"line":536,"column":22},"end":{"line":547,"column":1}},"163":{"start":{"line":537,"column":2},"end":{"line":546,"column":3}},"164":{"start":{"line":538,"column":23},"end":{"line":540,"column":6}},"165":{"start":{"line":542,"column":4},"end":{"line":542,"column":29}},"166":{"start":{"line":544,"column":4},"end":{"line":544,"column":50}},"167":{"start":{"line":545,"column":4},"end":{"line":545,"column":63}},"168":{"start":{"line":549,"column":23},"end":{"line":568,"column":1}},"169":{"start":{"line":550,"column":2},"end":{"line":567,"column":3}},"170":{"start":{"line":551,"column":34},"end":{"line":551,"column":42}},"171":{"start":{"line":553,"column":29},"end":{"line":553,"column":72}},"172":{"start":{"line":554,"column":4},"end":{"line":556,"column":5}},"173":{"start":{"line":555,"column":6},"end":{"line":555,"column":74}},"174":{"start":{"line":558,"column":21},"end":{"line":558,"column":65}},"175":{"start":{"line":560,"column":4},"end":{"line":563,"column":7}},"176":{"start":{"line":565,"column":4},"end":{"line":565,"column":51}},"177":{"start":{"line":566,"column":4},"end":{"line":566,"column":63}},"178":{"start":{"line":570,"column":23},"end":{"line":595,"column":1}},"179":{"start":{"line":571,"column":2},"end":{"line":594,"column":3}},"180":{"start":{"line":572,"column":19},"end":{"line":572,"column":29}},"181":{"start":{"line":573,"column":44},"end":{"line":573,"column":52}},"182":{"start":{"line":575,"column":21},"end":{"line":575,"column":48}},"183":{"start":{"line":576,"column":4},"end":{"line":578,"column":5}},"184":{"start":{"line":577,"column":6},"end":{"line":577,"column":69}},"185":{"start":{"line":580,"column":4},"end":{"line":583,"column":6}},"186":{"start":{"line":585,"column":28},"end":{"line":585,"column":55}},"187":{"start":{"line":587,"column":4},"end":{"line":590,"column":7}},"188":{"start":{"line":592,"column":4},"end":{"line":592,"column":51}},"189":{"start":{"line":593,"column":4},"end":{"line":593,"column":63}},"190":{"start":{"line":597,"column":28},"end":{"line":679,"column":1}},"191":{"start":{"line":598,"column":2},"end":{"line":678,"column":3}},"192":{"start":{"line":599,"column":27},"end":{"line":599,"column":36}},"193":{"start":{"line":602,"column":25},"end":{"line":608,"column":6}},"194":{"start":{"line":611,"column":24},"end":{"line":616,"column":6}},"195":{"start":{"line":619,"column":27},"end":{"line":626,"column":6}},"196":{"start":{"line":629,"column":23},"end":{"line":629,"column":25}},"197":{"start":{"line":632,"column":4},"end":{"line":642,"column":7}},"198":{"start":{"line":633,"column":6},"end":{"line":641,"column":9}},"199":{"start":{"line":645,"column":4},"end":{"line":655,"column":7}},"200":{"start":{"line":646,"column":6},"end":{"line":654,"column":9}},"201":{"start":{"line":658,"column":4},"end":{"line":668,"column":7}},"202":{"start":{"line":659,"column":6},"end":{"line":667,"column":9}},"203":{"start":{"line":671,"column":4},"end":{"line":671,"column":67}},"204":{"start":{"line":671,"column":30},"end":{"line":671,"column":65}},"205":{"start":{"line":672,"column":30},"end":{"line":672,"column":66}},"206":{"start":{"line":674,"column":4},"end":{"line":674,"column":48}},"207":{"start":{"line":676,"column":4},"end":{"line":676,"column":57}},"208":{"start":{"line":677,"column":4},"end":{"line":677,"column":63}},"209":{"start":{"line":681,"column":19},"end":{"line":714,"column":1}},"210":{"start":{"line":682,"column":2},"end":{"line":713,"column":3}},"211":{"start":{"line":683,"column":101},"end":{"line":683,"column":109}},"212":{"start":{"line":685,"column":25},"end":{"line":685,"column":65}},"213":{"start":{"line":686,"column":4},"end":{"line":688,"column":5}},"214":{"start":{"line":687,"column":6},"end":{"line":687,"column":86}},"215":{"start":{"line":690,"column":19},"end":{"line":690,"column":38}},"216":{"start":{"line":691,"column":27},"end":{"line":691,"column":58}},"217":{"start":{"line":693,"column":17},"end":{"line":706,"column":6}},"218":{"start":{"line":708,"column":52},"end":{"line":708,"column":65}},"219":{"start":{"line":709,"column":4},"end":{"line":709,"column":71}},"220":{"start":{"line":711,"column":4},"end":{"line":711,"column":47}},"221":{"start":{"line":712,"column":4},"end":{"line":712,"column":63}},"222":{"start":{"line":716,"column":19},"end":{"line":750,"column":1}},"223":{"start":{"line":717,"column":2},"end":{"line":749,"column":3}},"224":{"start":{"line":718,"column":19},"end":{"line":718,"column":29}},"225":{"start":{"line":719,"column":81},"end":{"line":719,"column":89}},"226":{"start":{"line":721,"column":17},"end":{"line":721,"column":40}},"227":{"start":{"line":722,"column":4},"end":{"line":724,"column":5}},"228":{"start":{"line":723,"column":6},"end":{"line":723,"column":65}},"229":{"start":{"line":726,"column":4},"end":{"line":731,"column":5}},"230":{"start":{"line":727,"column":27},"end":{"line":727,"column":88}},"231":{"start":{"line":728,"column":6},"end":{"line":730,"column":7}},"232":{"start":{"line":729,"column":8},"end":{"line":729,"column":88}},"233":{"start":{"line":733,"column":4},"end":{"line":742,"column":7}},"234":{"start":{"line":744,"column":52},"end":{"line":744,"column":65}},"235":{"start":{"line":745,"column":4},"end":{"line":745,"column":59}},"236":{"start":{"line":747,"column":4},"end":{"line":747,"column":47}},"237":{"start":{"line":748,"column":4},"end":{"line":748,"column":63}},"238":{"start":{"line":752,"column":19},"end":{"line":767,"column":1}},"239":{"start":{"line":753,"column":2},"end":{"line":766,"column":3}},"240":{"start":{"line":754,"column":19},"end":{"line":754,"column":29}},"241":{"start":{"line":756,"column":17},"end":{"line":756,"column":40}},"242":{"start":{"line":757,"column":4},"end":{"line":759,"column":5}},"243":{"start":{"line":758,"column":6},"end":{"line":758,"column":65}},"244":{"start":{"line":761,"column":4},"end":{"line":761,"column":25}},"245":{"start":{"line":762,"column":4},"end":{"line":762,"column":70}},"246":{"start":{"line":764,"column":4},"end":{"line":764,"column":47}},"247":{"start":{"line":765,"column":4},"end":{"line":765,"column":63}},"248":{"start":{"line":769,"column":0},"end":{"line":785,"column":2}}},"fnMap":{"0":{"name":"(anonymous_0)","decl":{"start":{"line":5,"column":26},"end":{"line":5,"column":27}},"loc":{"start":{"line":5,"column":46},"end":{"line":67,"column":1}},"line":5},"1":{"name":"(anonymous_1)","decl":{"start":{"line":69,"column":26},"end":{"line":69,"column":27}},"loc":{"start":{"line":69,"column":46},"end":{"line":134,"column":1}},"line":69},"2":{"name":"(anonymous_2)","decl":{"start":{"line":82,"column":52},"end":{"line":82,"column":53}},"loc":{"start":{"line":82,"column":66},"end":{"line":82,"column":98}},"line":82},"3":{"name":"(anonymous_3)","decl":{"start":{"line":88,"column":14},"end":{"line":88,"column":15}},"loc":{"start":{"line":88,"column":21},"end":{"line":88,"column":57}},"line":88},"4":{"name":"(anonymous_4)","decl":{"start":{"line":89,"column":14},"end":{"line":89,"column":15}},"loc":{"start":{"line":89,"column":28},"end":{"line":89,"column":60}},"line":89},"5":{"name":"(anonymous_5)","decl":{"start":{"line":95,"column":14},"end":{"line":95,"column":15}},"loc":{"start":{"line":95,"column":21},"end":{"line":95,"column":58}},"line":95},"6":{"name":"(anonymous_6)","decl":{"start":{"line":96,"column":14},"end":{"line":96,"column":15}},"loc":{"start":{"line":96,"column":28},"end":{"line":96,"column":60}},"line":96},"7":{"name":"(anonymous_7)","decl":{"start":{"line":100,"column":29},"end":{"line":100,"column":30}},"loc":{"start":{"line":100,"column":36},"end":{"line":113,"column":5}},"line":100},"8":{"name":"(anonymous_8)","decl":{"start":{"line":116,"column":12},"end":{"line":116,"column":13}},"loc":{"start":{"line":116,"column":22},"end":{"line":116,"column":55}},"line":116},"9":{"name":"(anonymous_9)","decl":{"start":{"line":136,"column":20},"end":{"line":136,"column":21}},"loc":{"start":{"line":136,"column":40},"end":{"line":179,"column":1}},"line":136},"10":{"name":"(anonymous_10)","decl":{"start":{"line":181,"column":25},"end":{"line":181,"column":26}},"loc":{"start":{"line":181,"column":45},"end":{"line":212,"column":1}},"line":181},"11":{"name":"(anonymous_11)","decl":{"start":{"line":214,"column":23},"end":{"line":214,"column":24}},"loc":{"start":{"line":214,"column":43},"end":{"line":263,"column":1}},"line":214},"12":{"name":"(anonymous_12)","decl":{"start":{"line":265,"column":28},"end":{"line":265,"column":29}},"loc":{"start":{"line":265,"column":48},"end":{"line":302,"column":1}},"line":265},"13":{"name":"(anonymous_13)","decl":{"start":{"line":304,"column":21},"end":{"line":304,"column":22}},"loc":{"start":{"line":304,"column":41},"end":{"line":351,"column":1}},"line":304},"14":{"name":"(anonymous_14)","decl":{"start":{"line":353,"column":21},"end":{"line":353,"column":22}},"loc":{"start":{"line":353,"column":41},"end":{"line":534,"column":1}},"line":353},"15":{"name":"(anonymous_15)","decl":{"start":{"line":536,"column":22},"end":{"line":536,"column":23}},"loc":{"start":{"line":536,"column":42},"end":{"line":547,"column":1}},"line":536},"16":{"name":"(anonymous_16)","decl":{"start":{"line":549,"column":23},"end":{"line":549,"column":24}},"loc":{"start":{"line":549,"column":43},"end":{"line":568,"column":1}},"line":549},"17":{"name":"(anonymous_17)","decl":{"start":{"line":570,"column":23},"end":{"line":570,"column":24}},"loc":{"start":{"line":570,"column":43},"end":{"line":595,"column":1}},"line":570},"18":{"name":"(anonymous_18)","decl":{"start":{"line":597,"column":28},"end":{"line":597,"column":29}},"loc":{"start":{"line":597,"column":48},"end":{"line":679,"column":1}},"line":597},"19":{"name":"(anonymous_19)","decl":{"start":{"line":632,"column":25},"end":{"line":632,"column":26}},"loc":{"start":{"line":632,"column":34},"end":{"line":642,"column":5}},"line":632},"20":{"name":"(anonymous_20)","decl":{"start":{"line":645,"column":24},"end":{"line":645,"column":25}},"loc":{"start":{"line":645,"column":32},"end":{"line":655,"column":5}},"line":645},"21":{"name":"(anonymous_21)","decl":{"start":{"line":658,"column":27},"end":{"line":658,"column":28}},"loc":{"start":{"line":658,"column":38},"end":{"line":668,"column":5}},"line":658},"22":{"name":"(anonymous_22)","decl":{"start":{"line":671,"column":20},"end":{"line":671,"column":21}},"loc":{"start":{"line":671,"column":30},"end":{"line":671,"column":65}},"line":671},"23":{"name":"(anonymous_23)","decl":{"start":{"line":681,"column":19},"end":{"line":681,"column":20}},"loc":{"start":{"line":681,"column":39},"end":{"line":714,"column":1}},"line":681},"24":{"name":"(anonymous_24)","decl":{"start":{"line":716,"column":19},"end":{"line":716,"column":20}},"loc":{"start":{"line":716,"column":39},"end":{"line":750,"column":1}},"line":716},"25":{"name":"(anonymous_25)","decl":{"start":{"line":752,"column":19},"end":{"line":752,"column":20}},"loc":{"start":{"line":752,"column":39},"end":{"line":767,"column":1}},"line":752}},"branchMap":{"0":{"loc":{"start":{"line":16,"column":25},"end":{"line":16,"column":96}},"type":"binary-expr","locations":[{"start":{"line":16,"column":25},"end":{"line":16,"column":91}},{"start":{"line":16,"column":95},"end":{"line":16,"column":96}}],"line":16},"1":{"loc":{"start":{"line":82,"column":73},"end":{"line":82,"column":97}},"type":"binary-expr","locations":[{"start":{"line":82,"column":73},"end":{"line":82,"column":92}},{"start":{"line":82,"column":96},"end":{"line":82,"column":97}}],"line":82},"2":{"loc":{"start":{"line":89,"column":35},"end":{"line":89,"column":59}},"type":"binary-expr","locations":[{"start":{"line":89,"column":35},"end":{"line":89,"column":54}},{"start":{"line":89,"column":58},"end":{"line":89,"column":59}}],"line":89},"3":{"loc":{"start":{"line":96,"column":35},"end":{"line":96,"column":59}},"type":"binary-expr","locations":[{"start":{"line":96,"column":35},"end":{"line":96,"column":54}},{"start":{"line":96,"column":58},"end":{"line":96,"column":59}}],"line":96},"4":{"loc":{"start":{"line":102,"column":6},"end":{"line":109,"column":7}},"type":"if","locations":[{"start":{"line":102,"column":6},"end":{"line":109,"column":7}},{"start":{},"end":{}}],"line":102},"5":{"loc":{"start":{"line":110,"column":48},"end":{"line":110,"column":71}},"type":"binary-expr","locations":[{"start":{"line":110,"column":48},"end":{"line":110,"column":66}},{"start":{"line":110,"column":70},"end":{"line":110,"column":71}}],"line":110},"6":{"loc":{"start":{"line":111,"column":50},"end":{"line":111,"column":74}},"type":"binary-expr","locations":[{"start":{"line":111,"column":50},"end":{"line":111,"column":69}},{"start":{"line":111,"column":73},"end":{"line":111,"column":74}}],"line":111},"7":{"loc":{"start":{"line":138,"column":12},"end":{"line":138,"column":20}},"type":"default-arg","locations":[{"start":{"line":138,"column":19},"end":{"line":138,"column":20}}],"line":138},"8":{"loc":{"start":{"line":138,"column":22},"end":{"line":138,"column":32}},"type":"default-arg","locations":[{"start":{"line":138,"column":30},"end":{"line":138,"column":32}}],"line":138},"9":{"loc":{"start":{"line":142,"column":4},"end":{"line":144,"column":5}},"type":"if","locations":[{"start":{"line":142,"column":4},"end":{"line":144,"column":5}},{"start":{},"end":{}}],"line":142},"10":{"loc":{"start":{"line":142,"column":8},"end":{"line":142,"column":38}},"type":"binary-expr","locations":[{"start":{"line":142,"column":8},"end":{"line":142,"column":16}},{"start":{"line":142,"column":20},"end":{"line":142,"column":38}}],"line":142},"11":{"loc":{"start":{"line":146,"column":4},"end":{"line":148,"column":5}},"type":"if","locations":[{"start":{"line":146,"column":4},"end":{"line":148,"column":5}},{"start":{},"end":{}}],"line":146},"12":{"loc":{"start":{"line":150,"column":4},"end":{"line":156,"column":5}},"type":"if","locations":[{"start":{"line":150,"column":4},"end":{"line":156,"column":5}},{"start":{},"end":{}}],"line":150},"13":{"loc":{"start":{"line":187,"column":4},"end":{"line":189,"column":5}},"type":"if","locations":[{"start":{"line":187,"column":4},"end":{"line":189,"column":5}},{"start":{},"end":{}}],"line":187},"14":{"loc":{"start":{"line":191,"column":4},"end":{"line":193,"column":5}},"type":"if","locations":[{"start":{"line":191,"column":4},"end":{"line":193,"column":5}},{"start":{},"end":{}}],"line":191},"15":{"loc":{"start":{"line":216,"column":12},"end":{"line":216,"column":20}},"type":"default-arg","locations":[{"start":{"line":216,"column":19},"end":{"line":216,"column":20}}],"line":216},"16":{"loc":{"start":{"line":216,"column":22},"end":{"line":216,"column":32}},"type":"default-arg","locations":[{"start":{"line":216,"column":30},"end":{"line":216,"column":32}}],"line":216},"17":{"loc":{"start":{"line":220,"column":4},"end":{"line":222,"column":5}},"type":"if","locations":[{"start":{"line":220,"column":4},"end":{"line":222,"column":5}},{"start":{},"end":{}}],"line":220},"18":{"loc":{"start":{"line":220,"column":8},"end":{"line":220,"column":34}},"type":"binary-expr","locations":[{"start":{"line":220,"column":8},"end":{"line":220,"column":14}},{"start":{"line":220,"column":18},"end":{"line":220,"column":34}}],"line":220},"19":{"loc":{"start":{"line":224,"column":4},"end":{"line":226,"column":5}},"type":"if","locations":[{"start":{"line":224,"column":4},"end":{"line":226,"column":5}},{"start":{},"end":{}}],"line":224},"20":{"loc":{"start":{"line":228,"column":4},"end":{"line":230,"column":5}},"type":"if","locations":[{"start":{"line":228,"column":4},"end":{"line":230,"column":5}},{"start":{},"end":{}}],"line":228},"21":{"loc":{"start":{"line":232,"column":4},"end":{"line":237,"column":5}},"type":"if","locations":[{"start":{"line":232,"column":4},"end":{"line":237,"column":5}},{"start":{},"end":{}}],"line":232},"22":{"loc":{"start":{"line":271,"column":4},"end":{"line":273,"column":5}},"type":"if","locations":[{"start":{"line":271,"column":4},"end":{"line":273,"column":5}},{"start":{},"end":{}}],"line":271},"23":{"loc":{"start":{"line":276,"column":4},"end":{"line":280,"column":5}},"type":"if","locations":[{"start":{"line":276,"column":4},"end":{"line":280,"column":5}},{"start":{},"end":{}}],"line":276},"24":{"loc":{"start":{"line":281,"column":4},"end":{"line":283,"column":5}},"type":"if","locations":[{"start":{"line":281,"column":4},"end":{"line":283,"column":5}},{"start":{},"end":{}}],"line":281},"25":{"loc":{"start":{"line":306,"column":12},"end":{"line":306,"column":20}},"type":"default-arg","locations":[{"start":{"line":306,"column":19},"end":{"line":306,"column":20}}],"line":306},"26":{"loc":{"start":{"line":306,"column":22},"end":{"line":306,"column":32}},"type":"default-arg","locations":[{"start":{"line":306,"column":30},"end":{"line":306,"column":32}}],"line":306},"27":{"loc":{"start":{"line":310,"column":4},"end":{"line":312,"column":5}},"type":"if","locations":[{"start":{"line":310,"column":4},"end":{"line":312,"column":5}},{"start":{},"end":{}}],"line":310},"28":{"loc":{"start":{"line":310,"column":8},"end":{"line":310,"column":34}},"type":"binary-expr","locations":[{"start":{"line":310,"column":8},"end":{"line":310,"column":14}},{"start":{"line":310,"column":18},"end":{"line":310,"column":34}}],"line":310},"29":{"loc":{"start":{"line":314,"column":4},"end":{"line":316,"column":5}},"type":"if","locations":[{"start":{"line":314,"column":4},"end":{"line":316,"column":5}},{"start":{},"end":{}}],"line":314},"30":{"loc":{"start":{"line":355,"column":12},"end":{"line":355,"column":25}},"type":"default-arg","locations":[{"start":{"line":355,"column":21},"end":{"line":355,"column":25}}],"line":355},"31":{"loc":{"start":{"line":363,"column":25},"end":{"line":365,"column":11}},"type":"binary-expr","locations":[{"start":{"line":363,"column":25},"end":{"line":365,"column":6}},{"start":{"line":365,"column":10},"end":{"line":365,"column":11}}],"line":363},"32":{"loc":{"start":{"line":369,"column":33},"end":{"line":374,"column":11}},"type":"binary-expr","locations":[{"start":{"line":369,"column":33},"end":{"line":374,"column":6}},{"start":{"line":374,"column":10},"end":{"line":374,"column":11}}],"line":369},"33":{"loc":{"start":{"line":376,"column":34},"end":{"line":384,"column":11}},"type":"binary-expr","locations":[{"start":{"line":376,"column":34},"end":{"line":384,"column":6}},{"start":{"line":384,"column":10},"end":{"line":384,"column":11}}],"line":376},"34":{"loc":{"start":{"line":386,"column":26},"end":{"line":388,"column":9}},"type":"cond-expr","locations":[{"start":{"line":387,"column":8},"end":{"line":387,"column":97}},{"start":{"line":388,"column":8},"end":{"line":388,"column":9}}],"line":386},"35":{"loc":{"start":{"line":406,"column":29},"end":{"line":408,"column":9}},"type":"cond-expr","locations":[{"start":{"line":407,"column":8},"end":{"line":407,"column":84}},{"start":{"line":408,"column":8},"end":{"line":408,"column":9}}],"line":406},"36":{"loc":{"start":{"line":431,"column":30},"end":{"line":433,"column":9}},"type":"cond-expr","locations":[{"start":{"line":432,"column":8},"end":{"line":432,"column":94}},{"start":{"line":433,"column":8},"end":{"line":433,"column":9}}],"line":431},"37":{"loc":{"start":{"line":436,"column":27},"end":{"line":436,"column":103}},"type":"cond-expr","locations":[{"start":{"line":436,"column":47},"end":{"line":436,"column":99}},{"start":{"line":436,"column":102},"end":{"line":436,"column":103}}],"line":436},"38":{"loc":{"start":{"line":498,"column":19},"end":{"line":498,"column":48}},"type":"cond-expr","locations":[{"start":{"line":498,"column":40},"end":{"line":498,"column":43}},{"start":{"line":498,"column":46},"end":{"line":498,"column":48}}],"line":498},"39":{"loc":{"start":{"line":499,"column":20},"end":{"line":499,"column":64}},"type":"cond-expr","locations":[{"start":{"line":499,"column":41},"end":{"line":499,"column":51}},{"start":{"line":499,"column":54},"end":{"line":499,"column":64}}],"line":499},"40":{"loc":{"start":{"line":504,"column":19},"end":{"line":504,"column":51}},"type":"cond-expr","locations":[{"start":{"line":504,"column":43},"end":{"line":504,"column":46}},{"start":{"line":504,"column":49},"end":{"line":504,"column":51}}],"line":504},"41":{"loc":{"start":{"line":505,"column":20},"end":{"line":505,"column":67}},"type":"cond-expr","locations":[{"start":{"line":505,"column":44},"end":{"line":505,"column":54}},{"start":{"line":505,"column":57},"end":{"line":505,"column":67}}],"line":505},"42":{"loc":{"start":{"line":510,"column":19},"end":{"line":510,"column":52}},"type":"cond-expr","locations":[{"start":{"line":510,"column":44},"end":{"line":510,"column":47}},{"start":{"line":510,"column":50},"end":{"line":510,"column":52}}],"line":510},"43":{"loc":{"start":{"line":511,"column":20},"end":{"line":511,"column":68}},"type":"cond-expr","locations":[{"start":{"line":511,"column":45},"end":{"line":511,"column":55}},{"start":{"line":511,"column":58},"end":{"line":511,"column":68}}],"line":511},"44":{"loc":{"start":{"line":554,"column":4},"end":{"line":556,"column":5}},"type":"if","locations":[{"start":{"line":554,"column":4},"end":{"line":556,"column":5}},{"start":{},"end":{}}],"line":554},"45":{"loc":{"start":{"line":576,"column":4},"end":{"line":578,"column":5}},"type":"if","locations":[{"start":{"line":576,"column":4},"end":{"line":578,"column":5}},{"start":{},"end":{}}],"line":576},"46":{"loc":{"start":{"line":599,"column":12},"end":{"line":599,"column":22}},"type":"default-arg","locations":[{"start":{"line":599,"column":20},"end":{"line":599,"column":22}}],"line":599},"47":{"loc":{"start":{"line":652,"column":14},"end":{"line":652,"column":59}},"type":"cond-expr","locations":[{"start":{"line":652,"column":43},"end":{"line":652,"column":50}},{"start":{"line":652,"column":53},"end":{"line":652,"column":59}}],"line":652},"48":{"loc":{"start":{"line":653,"column":15},"end":{"line":653,"column":80}},"type":"cond-expr","locations":[{"start":{"line":653,"column":44},"end":{"line":653,"column":60}},{"start":{"line":653,"column":63},"end":{"line":653,"column":80}}],"line":653},"49":{"loc":{"start":{"line":686,"column":4},"end":{"line":688,"column":5}},"type":"if","locations":[{"start":{"line":686,"column":4},"end":{"line":688,"column":5}},{"start":{},"end":{}}],"line":686},"50":{"loc":{"start":{"line":722,"column":4},"end":{"line":724,"column":5}},"type":"if","locations":[{"start":{"line":722,"column":4},"end":{"line":724,"column":5}},{"start":{},"end":{}}],"line":722},"51":{"loc":{"start":{"line":726,"column":4},"end":{"line":731,"column":5}},"type":"if","locations":[{"start":{"line":726,"column":4},"end":{"line":731,"column":5}},{"start":{},"end":{}}],"line":726},"52":{"loc":{"start":{"line":726,"column":8},"end":{"line":726,"column":37}},"type":"binary-expr","locations":[{"start":{"line":726,"column":8},"end":{"line":726,"column":13}},{"start":{"line":726,"column":17},"end":{"line":726,"column":37}}],"line":726},"53":{"loc":{"start":{"line":728,"column":6},"end":{"line":730,"column":7}},"type":"if","locations":[{"start":{"line":728,"column":6},"end":{"line":730,"column":7}},{"start":{},"end":{}}],"line":728},"54":{"loc":{"start":{"line":757,"column":4},"end":{"line":759,"column":5}},"type":"if","locations":[{"start":{"line":757,"column":4},"end":{"line":759,"column":5}},{"start":{},"end":{}}],"line":757}},"s":{"0":0,"1":0,"2":0,"3":0,"4":0,"5":0,"6":0,"7":0,"8":0,"9":0,"10":0,"11":0,"12":0,"13":0,"14":0,"15":0,"16":0,"17":0,"18":0,"19":0,"20":0,"21":0,"22":0,"23":0,"24":0,"25":0,"26":0,"27":0,"28":0,"29":0,"30":0,"31":0,"32":0,"33":0,"34":0,"35":0,"36":0,"37":0,"38":0,"39":0,"40":0,"41":0,"42":0,"43":0,"44":0,"45":0,"46":0,"47":0,"48":0,"49":0,"50":0,"51":0,"52":0,"53":0,"54":0,"55":0,"56":0,"57":0,"58":0,"59":0,"60":0,"61":0,"62":0,"63":0,"64":0,"65":0,"66":0,"67":0,"68":0,"69":0,"70":0,"71":0,"72":0,"73":0,"74":0,"75":0,"76":0,"77":0,"78":0,"79":0,"80":0,"81":0,"82":0,"83":0,"84":0,"85":0,"86":0,"87":0,"88":0,"89":0,"90":0,"91":0,"92":0,"93":0,"94":0,"95":0,"96":0,"97":0,"98":0,"99":0,"100":0,"101":0,"102":0,"103":0,"104":0,"105":0,"106":0,"107":0,"108":0,"109":0,"110":0,"111":0,"112":0,"113":0,"114":0,"115":0,"116":0,"117":0,"118":0,"119":0,"120":0,"121":0,"122":0,"123":0,"124":0,"125":0,"126":0,"127":0,"128":0,"129":0,"130":0,"131":0,"132":0,"133":0,"134":0,"135":0,"136":0,"137":0,"138":0,"139":0,"140":0,"141":0,"142":0,"143":0,"144":0,"145":0,"146":0,"147":0,"148":0,"149":0,"150":0,"151":0,"152":0,"153":0,"154":0,"155":0,"156":0,"157":0,"158":0,"159":0,"160":0,"161":0,"162":0,"163":0,"164":0,"165":0,"166":0,"167":0,"168":0,"169":0,"170":0,"171":0,"172":0,"173":0,"174":0,"175":0,"176":0,"177":0,"178":0,"179":0,"180":0,"181":0,"182":0,"183":0,"184":0,"185":0,"186":0,"187":0,"188":0,"189":0,"190":0,"191":0,"192":0,"193":0,"194":0,"195":0,"196":0,"197":0,"198":0,"199":0,"200":0,"201":0,"202":0,"203":0,"204":0,"205":0,"206":0,"207":0,"208":0,"209":0,"210":0,"211":0,"212":0,"213":0,"214":0,"215":0,"216":0,"217":0,"218":0,"219":0,"220":0,"221":0,"222":0,"223":0,"224":0,"225":0,"226":0,"227":0,"228":0,"229":0,"230":0,"231":0,"232":0,"233":0,"234":0,"235":0,"236":0,"237":0,"238":0,"239":0,"240":0,"241":0,"242":0,"243":0,"244":0,"245":0,"246":0,"247":0,"248":0},"f":{"0":0,"1":0,"2":0,"3":0,"4":0,"5":0,"6":0,"7":0,"8":0,"9":0,"10":0,"11":0,"12":0,"13":0,"14":0,"15":0,"16":0,"17":0,"18":0,"19":0,"20":0,"21":0,"22":0,"23":0,"24":0,"25":0},"b":{"0":[0,0],"1":[0,0],"2":[0,0],"3":[0,0],"4":[0,0],"5":[0,0],"6":[0,0],"7":[0],"8":[0],"9":[0,0],"10":[0,0],"11":[0,0],"12":[0,0],"13":[0,0],"14":[0,0],"15":[0],"16":[0],"17":[0,0],"18":[0,0],"19":[0,0],"20":[0,0],"21":[0,0],"22":[0,0],"23":[0,0],"24":[0,0],"25":[0],"26":[0],"27":[0,0],"28":[0,0],"29":[0,0],"30":[0],"31":[0,0],"32":[0,0],"33":[0,0],"34":[0,0],"35":[0,0],"36":[0,0],"37":[0,0],"38":[0,0],"39":[0,0],"40":[0,0],"41":[0,0],"42":[0,0],"43":[0,0],"44":[0,0],"45":[0,0],"46":[0],"47":[0,0],"48":[0,0],"49":[0,0],"50":[0,0],"51":[0,0],"52":[0,0],"53":[0,0],"54":[0,0]}}
,"C:\\Users\\acer\\EcoSwap\\backend\\controllers\\authController.js": {"path":"C:\\Users\\acer\\EcoSwap\\backend\\controllers\\authController.js","statementMap":{"0":{"start":{"line":1,"column":12},"end":{"line":1,"column":35}},"1":{"start":{"line":2,"column":29},"end":{"line":2,"column":57}},"2":{"start":{"line":3,"column":17},"end":{"line":3,"column":37}},"3":{"start":{"line":5,"column":19},"end":{"line":5,"column":62}},"4":{"start":{"line":6,"column":23},"end":{"line":6,"column":57}},"5":{"start":{"line":8,"column":22},"end":{"line":10,"column":1}},"6":{"start":{"line":9,"column":2},"end":{"line":9,"column":73}},"7":{"start":{"line":12,"column":17},"end":{"line":55,"column":1}},"8":{"start":{"line":13,"column":2},"end":{"line":54,"column":3}},"9":{"start":{"line":14,"column":19},"end":{"line":14,"column":40}},"10":{"start":{"line":15,"column":4},"end":{"line":17,"column":5}},"11":{"start":{"line":16,"column":6},"end":{"line":16,"column":62}},"12":{"start":{"line":19,"column":63},"end":{"line":19,"column":71}},"13":{"start":{"line":21,"column":25},"end":{"line":21,"column":65}},"14":{"start":{"line":22,"column":4},"end":{"line":24,"column":5}},"15":{"start":{"line":23,"column":6},"end":{"line":23,"column":86}},"16":{"start":{"line":26,"column":17},"end":{"line":32,"column":6}},"17":{"start":{"line":34,"column":18},"end":{"line":34,"column":40}},"18":{"start":{"line":36,"column":25},"end":{"line":44,"column":5}},"19":{"start":{"line":46,"column":4},"end":{"line":50,"column":7}},"20":{"start":{"line":52,"column":4},"end":{"line":52,"column":48}},"21":{"start":{"line":53,"column":4},"end":{"line":53,"column":63}},"22":{"start":{"line":57,"column":14},"end":{"line":106,"column":1}},"23":{"start":{"line":58,"column":2},"end":{"line":105,"column":3}},"24":{"start":{"line":59,"column":19},"end":{"line":59,"column":40}},"25":{"start":{"line":60,"column":4},"end":{"line":62,"column":5}},"26":{"start":{"line":61,"column":6},"end":{"line":61,"column":62}},"27":{"start":{"line":64,"column":42},"end":{"line":64,"column":50}},"28":{"start":{"line":66,"column":17},"end":{"line":66,"column":57}},"29":{"start":{"line":67,"column":4},"end":{"line":69,"column":5}},"30":{"start":{"line":68,"column":6},"end":{"line":68,"column":70}},"31":{"start":{"line":71,"column":4},"end":{"line":73,"column":5}},"32":{"start":{"line":72,"column":6},"end":{"line":72,"column":68}},"33":{"start":{"line":75,"column":28},"end":{"line":75,"column":64}},"34":{"start":{"line":76,"column":4},"end":{"line":78,"column":5}},"35":{"start":{"line":77,"column":6},"end":{"line":77,"column":70}},"36":{"start":{"line":80,"column":4},"end":{"line":82,"column":5}},"37":{"start":{"line":81,"column":6},"end":{"line":81,"column":73}},"38":{"start":{"line":84,"column":18},"end":{"line":84,"column":40}},"39":{"start":{"line":86,"column":25},"end":{"line":95,"column":5}},"40":{"start":{"line":97,"column":4},"end":{"line":101,"column":7}},"41":{"start":{"line":103,"column":4},"end":{"line":103,"column":41}},"42":{"start":{"line":104,"column":4},"end":{"line":104,"column":63}},"43":{"start":{"line":108,"column":19},"end":{"line":123,"column":1}},"44":{"start":{"line":109,"column":2},"end":{"line":122,"column":3}},"45":{"start":{"line":110,"column":17},"end":{"line":112,"column":6}},"46":{"start":{"line":114,"column":4},"end":{"line":116,"column":5}},"47":{"start":{"line":115,"column":6},"end":{"line":115,"column":65}},"48":{"start":{"line":118,"column":4},"end":{"line":118,"column":23}},"49":{"start":{"line":120,"column":4},"end":{"line":120,"column":47}},"50":{"start":{"line":121,"column":4},"end":{"line":121,"column":63}},"51":{"start":{"line":125,"column":22},"end":{"line":159,"column":1}},"52":{"start":{"line":126,"column":2},"end":{"line":158,"column":3}},"53":{"start":{"line":127,"column":74},"end":{"line":127,"column":82}},"54":{"start":{"line":129,"column":23},"end":{"line":137,"column":5}},"55":{"start":{"line":139,"column":4},"end":{"line":141,"column":5}},"56":{"start":{"line":140,"column":6},"end":{"line":140,"column":73}},"57":{"start":{"line":143,"column":4},"end":{"line":145,"column":7}},"58":{"start":{"line":147,"column":24},"end":{"line":149,"column":6}},"59":{"start":{"line":151,"column":4},"end":{"line":154,"column":7}},"60":{"start":{"line":156,"column":4},"end":{"line":156,"column":50}},"61":{"start":{"line":157,"column":4},"end":{"line":157,"column":63}},"62":{"start":{"line":161,"column":0},"end":{"line":166,"column":2}}},"fnMap":{"0":{"name":"(anonymous_0)","decl":{"start":{"line":8,"column":22},"end":{"line":8,"column":23}},"loc":{"start":{"line":8,"column":34},"end":{"line":10,"column":1}},"line":8},"1":{"name":"(anonymous_1)","decl":{"start":{"line":12,"column":17},"end":{"line":12,"column":18}},"loc":{"start":{"line":12,"column":37},"end":{"line":55,"column":1}},"line":12},"2":{"name":"(anonymous_2)","decl":{"start":{"line":57,"column":14},"end":{"line":57,"column":15}},"loc":{"start":{"line":57,"column":34},"end":{"line":106,"column":1}},"line":57},"3":{"name":"(anonymous_3)","decl":{"start":{"line":108,"column":19},"end":{"line":108,"column":20}},"loc":{"start":{"line":108,"column":39},"end":{"line":123,"column":1}},"line":108},"4":{"name":"(anonymous_4)","decl":{"start":{"line":125,"column":22},"end":{"line":125,"column":23}},"loc":{"start":{"line":125,"column":42},"end":{"line":159,"column":1}},"line":125}},"branchMap":{"0":{"loc":{"start":{"line":5,"column":19},"end":{"line":5,"column":62}},"type":"binary-expr","locations":[{"start":{"line":5,"column":19},"end":{"line":5,"column":41}},{"start":{"line":5,"column":45},"end":{"line":5,"column":62}}],"line":5},"1":{"loc":{"start":{"line":6,"column":23},"end":{"line":6,"column":57}},"type":"binary-expr","locations":[{"start":{"line":6,"column":23},"end":{"line":6,"column":49}},{"start":{"line":6,"column":53},"end":{"line":6,"column":57}}],"line":6},"2":{"loc":{"start":{"line":15,"column":4},"end":{"line":17,"column":5}},"type":"if","locations":[{"start":{"line":15,"column":4},"end":{"line":17,"column":5}},{"start":{},"end":{}}],"line":15},"3":{"loc":{"start":{"line":22,"column":4},"end":{"line":24,"column":5}},"type":"if","locations":[{"start":{"line":22,"column":4},"end":{"line":24,"column":5}},{"start":{},"end":{}}],"line":22},"4":{"loc":{"start":{"line":31,"column":16},"end":{"line":31,"column":35}},"type":"binary-expr","locations":[{"start":{"line":31,"column":16},"end":{"line":31,"column":24}},{"start":{"line":31,"column":28},"end":{"line":31,"column":35}}],"line":31},"5":{"loc":{"start":{"line":60,"column":4},"end":{"line":62,"column":5}},"type":"if","locations":[{"start":{"line":60,"column":4},"end":{"line":62,"column":5}},{"start":{},"end":{}}],"line":60},"6":{"loc":{"start":{"line":67,"column":4},"end":{"line":69,"column":5}},"type":"if","locations":[{"start":{"line":67,"column":4},"end":{"line":69,"column":5}},{"start":{},"end":{}}],"line":67},"7":{"loc":{"start":{"line":71,"column":4},"end":{"line":73,"column":5}},"type":"if","locations":[{"start":{"line":71,"column":4},"end":{"line":73,"column":5}},{"start":{},"end":{}}],"line":71},"8":{"loc":{"start":{"line":71,"column":8},"end":{"line":71,"column":46}},"type":"binary-expr","locations":[{"start":{"line":71,"column":8},"end":{"line":71,"column":16}},{"start":{"line":71,"column":20},"end":{"line":71,"column":46}}],"line":71},"9":{"loc":{"start":{"line":76,"column":4},"end":{"line":78,"column":5}},"type":"if","locations":[{"start":{"line":76,"column":4},"end":{"line":78,"column":5}},{"start":{},"end":{}}],"line":76},"10":{"loc":{"start":{"line":80,"column":4},"end":{"line":82,"column":5}},"type":"if","locations":[{"start":{"line":80,"column":4},"end":{"line":82,"column":5}},{"start":{},"end":{}}],"line":80},"11":{"loc":{"start":{"line":114,"column":4},"end":{"line":116,"column":5}},"type":"if","locations":[{"start":{"line":114,"column":4},"end":{"line":116,"column":5}},{"start":{},"end":{}}],"line":114},"12":{"loc":{"start":{"line":139,"column":4},"end":{"line":141,"column":5}},"type":"if","locations":[{"start":{"line":139,"column":4},"end":{"line":141,"column":5}},{"start":{},"end":{}}],"line":139}},"s":{"0":0,"1":0,"2":0,"3":0,"4":0,"5":0,"6":0,"7":0,"8":0,"9":0,"10":0,"11":0,"12":0,"13":0,"14":0,"15":0,"16":0,"17":0,"18":0,"19":0,"20":0,"21":0,"22":0,"23":0,"24":0,"25":0,"26":0,"27":0,"28":0,"29":0,"30":0,"31":0,"32":0,"33":0,"34":0,"35":0,"36":0,"37":0,"38":0,"39":0,"40":0,"41":0,"42":0,"43":0,"44":0,"45":0,"46":0,"47":0,"48":0,"49":0,"50":0,"51":0,"52":0,"53":0,"54":0,"55":0,"56":0,"57":0,"58":0,"59":0,"60":0,"61":0,"62":0},"f":{"0":0,"1":0,"2":0,"3":0,"4":0},"b":{"0":[0,0],"1":[0,0],"2":[0,0],"3":[0,0],"4":[0,0],"5":[0,0],"6":[0,0],"7":[0,0],"8":[0,0],"9":[0,0],"10":[0,0],"11":[0,0],"12":[0,0]}}
,"C:\\Users\\acer\\EcoSwap\\backend\\controllers\\orderController.js": {"path":"C:\\Users\\acer\\EcoSwap\\backend\\controllers\\orderController.js","statementMap":{"0":{"start":{"line":1,"column":29},"end":{"line":1,"column":57}},"1":{"start":{"line":2,"column":67},"end":{"line":2,"column":87}},"2":{"start":{"line":3,"column":15},"end":{"line":3,"column":35}},"3":{"start":{"line":5,"column":28},"end":{"line":7,"column":1}},"4":{"start":{"line":6,"column":2},"end":{"line":6,"column":91}},"5":{"start":{"line":9,"column":20},"end":{"line":94,"column":1}},"6":{"start":{"line":10,"column":2},"end":{"line":93,"column":3}},"7":{"start":{"line":11,"column":19},"end":{"line":11,"column":40}},"8":{"start":{"line":12,"column":4},"end":{"line":14,"column":5}},"9":{"start":{"line":13,"column":6},"end":{"line":13,"column":62}},"10":{"start":{"line":24,"column":8},"end":{"line":24,"column":16}},"11":{"start":{"line":26,"column":22},"end":{"line":26,"column":23}},"12":{"start":{"line":27,"column":23},"end":{"line":27,"column":25}},"13":{"start":{"line":29,"column":4},"end":{"line":44,"column":5}},"14":{"start":{"line":30,"column":22},"end":{"line":30,"column":60}},"15":{"start":{"line":31,"column":6},"end":{"line":33,"column":7}},"16":{"start":{"line":32,"column":8},"end":{"line":32,"column":95}},"17":{"start":{"line":35,"column":24},"end":{"line":35,"column":65}},"18":{"start":{"line":36,"column":6},"end":{"line":36,"column":31}},"19":{"start":{"line":38,"column":6},"end":{"line":43,"column":9}},"20":{"start":{"line":46,"column":18},"end":{"line":56,"column":6}},"21":{"start":{"line":58,"column":4},"end":{"line":68,"column":5}},"22":{"start":{"line":59,"column":6},"end":{"line":62,"column":9}},"23":{"start":{"line":64,"column":6},"end":{"line":67,"column":8}},"24":{"start":{"line":70,"column":27},"end":{"line":84,"column":6}},"25":{"start":{"line":86,"column":4},"end":{"line":89,"column":7}},"26":{"start":{"line":91,"column":4},"end":{"line":91,"column":48}},"27":{"start":{"line":92,"column":4},"end":{"line":92,"column":63}},"28":{"start":{"line":96,"column":23},"end":{"line":141,"column":1}},"29":{"start":{"line":97,"column":2},"end":{"line":140,"column":3}},"30":{"start":{"line":98,"column":45},"end":{"line":98,"column":54}},"31":{"start":{"line":99,"column":19},"end":{"line":99,"column":37}},"32":{"start":{"line":100,"column":18},"end":{"line":100,"column":42}},"33":{"start":{"line":102,"column":4},"end":{"line":104,"column":5}},"34":{"start":{"line":103,"column":6},"end":{"line":103,"column":28}},"35":{"start":{"line":106,"column":36},"end":{"line":126,"column":6}},"36":{"start":{"line":128,"column":4},"end":{"line":136,"column":7}},"37":{"start":{"line":138,"column":4},"end":{"line":138,"column":52}},"38":{"start":{"line":139,"column":4},"end":{"line":139,"column":63}},"39":{"start":{"line":143,"column":24},"end":{"line":227,"column":1}},"40":{"start":{"line":144,"column":2},"end":{"line":226,"column":3}},"41":{"start":{"line":145,"column":45},"end":{"line":145,"column":54}},"42":{"start":{"line":146,"column":19},"end":{"line":146,"column":37}},"43":{"start":{"line":149,"column":21},"end":{"line":158,"column":6}},"44":{"start":{"line":160,"column":24},"end":{"line":160,"column":58}},"45":{"start":{"line":160,"column":45},"end":{"line":160,"column":57}},"46":{"start":{"line":162,"column":4},"end":{"line":172,"column":5}},"47":{"start":{"line":163,"column":6},"end":{"line":171,"column":9}},"48":{"start":{"line":174,"column":24},"end":{"line":176,"column":5}},"49":{"start":{"line":178,"column":4},"end":{"line":180,"column":5}},"50":{"start":{"line":179,"column":6},"end":{"line":179,"column":34}},"51":{"start":{"line":182,"column":36},"end":{"line":203,"column":6}},"52":{"start":{"line":206,"column":27},"end":{"line":212,"column":6}},"53":{"start":{"line":207,"column":28},"end":{"line":207,"column":93}},"54":{"start":{"line":207,"column":55},"end":{"line":207,"column":92}},"55":{"start":{"line":208,"column":6},"end":{"line":211,"column":8}},"56":{"start":{"line":214,"column":4},"end":{"line":222,"column":7}},"57":{"start":{"line":224,"column":4},"end":{"line":224,"column":53}},"58":{"start":{"line":225,"column":4},"end":{"line":225,"column":63}},"59":{"start":{"line":229,"column":21},"end":{"line":269,"column":1}},"60":{"start":{"line":230,"column":2},"end":{"line":268,"column":3}},"61":{"start":{"line":231,"column":19},"end":{"line":231,"column":29}},"62":{"start":{"line":233,"column":18},"end":{"line":250,"column":6}},"63":{"start":{"line":252,"column":4},"end":{"line":254,"column":5}},"64":{"start":{"line":253,"column":6},"end":{"line":253,"column":66}},"65":{"start":{"line":256,"column":20},"end":{"line":256,"column":49}},"66":{"start":{"line":257,"column":21},"end":{"line":257,"column":84}},"67":{"start":{"line":257,"column":46},"end":{"line":257,"column":83}},"68":{"start":{"line":258,"column":20},"end":{"line":258,"column":49}},"69":{"start":{"line":260,"column":4},"end":{"line":262,"column":5}},"70":{"start":{"line":261,"column":6},"end":{"line":261,"column":82}},"71":{"start":{"line":264,"column":4},"end":{"line":264,"column":24}},"72":{"start":{"line":266,"column":4},"end":{"line":266,"column":45}},"73":{"start":{"line":267,"column":4},"end":{"line":267,"column":63}},"74":{"start":{"line":271,"column":26},"end":{"line":334,"column":1}},"75":{"start":{"line":272,"column":2},"end":{"line":333,"column":3}},"76":{"start":{"line":273,"column":19},"end":{"line":273,"column":29}},"77":{"start":{"line":274,"column":39},"end":{"line":274,"column":47}},"78":{"start":{"line":276,"column":18},"end":{"line":284,"column":6}},"79":{"start":{"line":286,"column":4},"end":{"line":288,"column":5}},"80":{"start":{"line":287,"column":6},"end":{"line":287,"column":66}},"81":{"start":{"line":290,"column":21},"end":{"line":290,"column":84}},"82":{"start":{"line":290,"column":46},"end":{"line":290,"column":83}},"83":{"start":{"line":291,"column":20},"end":{"line":291,"column":49}},"84":{"start":{"line":293,"column":4},"end":{"line":295,"column":5}},"85":{"start":{"line":294,"column":6},"end":{"line":294,"column":84}},"86":{"start":{"line":297,"column":23},"end":{"line":297,"column":33}},"87":{"start":{"line":298,"column":4},"end":{"line":300,"column":5}},"88":{"start":{"line":299,"column":6},"end":{"line":299,"column":49}},"89":{"start":{"line":301,"column":4},"end":{"line":303,"column":5}},"90":{"start":{"line":302,"column":6},"end":{"line":302,"column":40}},"91":{"start":{"line":304,"column":4},"end":{"line":306,"column":5}},"92":{"start":{"line":305,"column":6},"end":{"line":305,"column":42}},"93":{"start":{"line":308,"column":4},"end":{"line":308,"column":54}},"94":{"start":{"line":310,"column":25},"end":{"line":324,"column":6}},"95":{"start":{"line":326,"column":4},"end":{"line":329,"column":7}},"96":{"start":{"line":331,"column":4},"end":{"line":331,"column":55}},"97":{"start":{"line":332,"column":4},"end":{"line":332,"column":63}},"98":{"start":{"line":336,"column":31},"end":{"line":382,"column":1}},"99":{"start":{"line":337,"column":2},"end":{"line":381,"column":3}},"100":{"start":{"line":338,"column":20},"end":{"line":338,"column":31}},"101":{"start":{"line":341,"column":24},"end":{"line":343,"column":6}},"102":{"start":{"line":346,"column":26},"end":{"line":351,"column":6}},"103":{"start":{"line":354,"column":31},"end":{"line":359,"column":6}},"104":{"start":{"line":362,"column":26},"end":{"line":364,"column":6}},"105":{"start":{"line":366,"column":4},"end":{"line":374,"column":7}},"106":{"start":{"line":376,"column":4},"end":{"line":376,"column":61}},"107":{"start":{"line":377,"column":4},"end":{"line":380,"column":7}},"108":{"start":{"line":384,"column":0},"end":{"line":391,"column":2}}},"fnMap":{"0":{"name":"(anonymous_0)","decl":{"start":{"line":5,"column":28},"end":{"line":5,"column":29}},"loc":{"start":{"line":5,"column":34},"end":{"line":7,"column":1}},"line":5},"1":{"name":"(anonymous_1)","decl":{"start":{"line":9,"column":20},"end":{"line":9,"column":21}},"loc":{"start":{"line":9,"column":40},"end":{"line":94,"column":1}},"line":9},"2":{"name":"(anonymous_2)","decl":{"start":{"line":96,"column":23},"end":{"line":96,"column":24}},"loc":{"start":{"line":96,"column":43},"end":{"line":141,"column":1}},"line":96},"3":{"name":"(anonymous_3)","decl":{"start":{"line":143,"column":24},"end":{"line":143,"column":25}},"loc":{"start":{"line":143,"column":44},"end":{"line":227,"column":1}},"line":143},"4":{"name":"(anonymous_4)","decl":{"start":{"line":160,"column":37},"end":{"line":160,"column":38}},"loc":{"start":{"line":160,"column":45},"end":{"line":160,"column":57}},"line":160},"5":{"name":"(anonymous_5)","decl":{"start":{"line":206,"column":38},"end":{"line":206,"column":39}},"loc":{"start":{"line":206,"column":47},"end":{"line":212,"column":5}},"line":206},"6":{"name":"(anonymous_6)","decl":{"start":{"line":207,"column":47},"end":{"line":207,"column":48}},"loc":{"start":{"line":207,"column":55},"end":{"line":207,"column":92}},"line":207},"7":{"name":"(anonymous_7)","decl":{"start":{"line":229,"column":21},"end":{"line":229,"column":22}},"loc":{"start":{"line":229,"column":41},"end":{"line":269,"column":1}},"line":229},"8":{"name":"(anonymous_8)","decl":{"start":{"line":257,"column":38},"end":{"line":257,"column":39}},"loc":{"start":{"line":257,"column":46},"end":{"line":257,"column":83}},"line":257},"9":{"name":"(anonymous_9)","decl":{"start":{"line":271,"column":26},"end":{"line":271,"column":27}},"loc":{"start":{"line":271,"column":46},"end":{"line":334,"column":1}},"line":271},"10":{"name":"(anonymous_10)","decl":{"start":{"line":290,"column":38},"end":{"line":290,"column":39}},"loc":{"start":{"line":290,"column":46},"end":{"line":290,"column":83}},"line":290},"11":{"name":"(anonymous_11)","decl":{"start":{"line":336,"column":31},"end":{"line":336,"column":32}},"loc":{"start":{"line":336,"column":51},"end":{"line":382,"column":1}},"line":336}},"branchMap":{"0":{"loc":{"start":{"line":12,"column":4},"end":{"line":14,"column":5}},"type":"if","locations":[{"start":{"line":12,"column":4},"end":{"line":14,"column":5}},{"start":{},"end":{}}],"line":12},"1":{"loc":{"start":{"line":31,"column":6},"end":{"line":33,"column":7}},"type":"if","locations":[{"start":{"line":31,"column":6},"end":{"line":33,"column":7}},{"start":{},"end":{}}],"line":31},"2":{"loc":{"start":{"line":31,"column":10},"end":{"line":31,"column":49}},"type":"binary-expr","locations":[{"start":{"line":31,"column":10},"end":{"line":31,"column":18}},{"start":{"line":31,"column":22},"end":{"line":31,"column":49}}],"line":31},"3":{"loc":{"start":{"line":98,"column":12},"end":{"line":98,"column":20}},"type":"default-arg","locations":[{"start":{"line":98,"column":19},"end":{"line":98,"column":20}}],"line":98},"4":{"loc":{"start":{"line":98,"column":22},"end":{"line":98,"column":32}},"type":"default-arg","locations":[{"start":{"line":98,"column":30},"end":{"line":98,"column":32}}],"line":98},"5":{"loc":{"start":{"line":102,"column":4},"end":{"line":104,"column":5}},"type":"if","locations":[{"start":{"line":102,"column":4},"end":{"line":104,"column":5}},{"start":{},"end":{}}],"line":102},"6":{"loc":{"start":{"line":145,"column":12},"end":{"line":145,"column":20}},"type":"default-arg","locations":[{"start":{"line":145,"column":19},"end":{"line":145,"column":20}}],"line":145},"7":{"loc":{"start":{"line":145,"column":22},"end":{"line":145,"column":32}},"type":"default-arg","locations":[{"start":{"line":145,"column":30},"end":{"line":145,"column":32}}],"line":145},"8":{"loc":{"start":{"line":162,"column":4},"end":{"line":172,"column":5}},"type":"if","locations":[{"start":{"line":162,"column":4},"end":{"line":172,"column":5}},{"start":{},"end":{}}],"line":162},"9":{"loc":{"start":{"line":178,"column":4},"end":{"line":180,"column":5}},"type":"if","locations":[{"start":{"line":178,"column":4},"end":{"line":180,"column":5}},{"start":{},"end":{}}],"line":178},"10":{"loc":{"start":{"line":252,"column":4},"end":{"line":254,"column":5}},"type":"if","locations":[{"start":{"line":252,"column":4},"end":{"line":254,"column":5}},{"start":{},"end":{}}],"line":252},"11":{"loc":{"start":{"line":260,"column":4},"end":{"line":262,"column":5}},"type":"if","locations":[{"start":{"line":260,"column":4},"end":{"line":262,"column":5}},{"start":{},"end":{}}],"line":260},"12":{"loc":{"start":{"line":260,"column":8},"end":{"line":260,"column":41}},"type":"binary-expr","locations":[{"start":{"line":260,"column":8},"end":{"line":260,"column":16}},{"start":{"line":260,"column":20},"end":{"line":260,"column":29}},{"start":{"line":260,"column":33},"end":{"line":260,"column":41}}],"line":260},"13":{"loc":{"start":{"line":286,"column":4},"end":{"line":288,"column":5}},"type":"if","locations":[{"start":{"line":286,"column":4},"end":{"line":288,"column":5}},{"start":{},"end":{}}],"line":286},"14":{"loc":{"start":{"line":293,"column":4},"end":{"line":295,"column":5}},"type":"if","locations":[{"start":{"line":293,"column":4},"end":{"line":295,"column":5}},{"start":{},"end":{}}],"line":293},"15":{"loc":{"start":{"line":293,"column":8},"end":{"line":293,"column":29}},"type":"binary-expr","locations":[{"start":{"line":293,"column":8},"end":{"line":293,"column":17}},{"start":{"line":293,"column":21},"end":{"line":293,"column":29}}],"line":293},"16":{"loc":{"start":{"line":298,"column":4},"end":{"line":300,"column":5}},"type":"if","locations":[{"start":{"line":298,"column":4},"end":{"line":300,"column":5}},{"start":{},"end":{}}],"line":298},"17":{"loc":{"start":{"line":301,"column":4},"end":{"line":303,"column":5}},"type":"if","locations":[{"start":{"line":301,"column":4},"end":{"line":303,"column":5}},{"start":{},"end":{}}],"line":301},"18":{"loc":{"start":{"line":304,"column":4},"end":{"line":306,"column":5}},"type":"if","locations":[{"start":{"line":304,"column":4},"end":{"line":306,"column":5}},{"start":{},"end":{}}],"line":304}},"s":{"0":0,"1":0,"2":0,"3":0,"4":0,"5":0,"6":0,"7":0,"8":0,"9":0,"10":0,"11":0,"12":0,"13":0,"14":0,"15":0,"16":0,"17":0,"18":0,"19":0,"20":0,"21":0,"22":0,"23":0,"24":0,"25":0,"26":0,"27":0,"28":0,"29":0,"30":0,"31":0,"32":0,"33":0,"34":0,"35":0,"36":0,"37":0,"38":0,"39":0,"40":0,"41":0,"42":0,"43":0,"44":0,"45":0,"46":0,"47":0,"48":0,"49":0,"50":0,"51":0,"52":0,"53":0,"54":0,"55":0,"56":0,"57":0,"58":0,"59":0,"60":0,"61":0,"62":0,"63":0,"64":0,"65":0,"66":0,"67":0,"68":0,"69":0,"70":0,"71":0,"72":0,"73":0,"74":0,"75":0,"76":0,"77":0,"78":0,"79":0,"80":0,"81":0,"82":0,"83":0,"84":0,"85":0,"86":0,"87":0,"88":0,"89":0,"90":0,"91":0,"92":0,"93":0,"94":0,"95":0,"96":0,"97":0,"98":0,"99":0,"100":0,"101":0,"102":0,"103":0,"104":0,"105":0,"106":0,"107":0,"108":0},"f":{"0":0,"1":0,"2":0,"3":0,"4":0,"5":0,"6":0,"7":0,"8":0,"9":0,"10":0,"11":0},"b":{"0":[0,0],"1":[0,0],"2":[0,0],"3":[0],"4":[0],"5":[0,0],"6":[0],"7":[0],"8":[0,0],"9":[0,0],"10":[0,0],"11":[0,0],"12":[0,0,0],"13":[0,0],"14":[0,0],"15":[0,0],"16":[0,0],"17":[0,0],"18":[0,0]}}
,"C:\\Users\\acer\\EcoSwap\\backend\\controllers\\productController.js": {"path":"C:\\Users\\acer\\EcoSwap\\backend\\controllers\\productController.js","statementMap":{"0":{"start":{"line":1,"column":29},"end":{"line":1,"column":57}},"1":{"start":{"line":2,"column":58},"end":{"line":2,"column":78}},"2":{"start":{"line":3,"column":15},"end":{"line":3,"column":35}},"3":{"start":{"line":5,"column":22},"end":{"line":61,"column":1}},"4":{"start":{"line":6,"column":2},"end":{"line":60,"column":3}},"5":{"start":{"line":7,"column":19},"end":{"line":7,"column":40}},"6":{"start":{"line":8,"column":4},"end":{"line":10,"column":5}},"7":{"start":{"line":9,"column":6},"end":{"line":9,"column":62}},"8":{"start":{"line":15,"column":8},"end":{"line":15,"column":16}},"9":{"start":{"line":17,"column":20},"end":{"line":32,"column":6}},"10":{"start":{"line":34,"column":4},"end":{"line":43,"column":5}},"11":{"start":{"line":35,"column":28},"end":{"line":41,"column":8}},"12":{"start":{"line":36,"column":8},"end":{"line":40,"column":11}},"13":{"start":{"line":42,"column":6},"end":{"line":42,"column":39}},"14":{"start":{"line":45,"column":30},"end":{"line":51,"column":6}},"15":{"start":{"line":53,"column":4},"end":{"line":56,"column":7}},"16":{"start":{"line":58,"column":4},"end":{"line":58,"column":50}},"17":{"start":{"line":59,"column":4},"end":{"line":59,"column":63}},"18":{"start":{"line":63,"column":23},"end":{"line":127,"column":1}},"19":{"start":{"line":64,"column":2},"end":{"line":126,"column":3}},"20":{"start":{"line":75,"column":8},"end":{"line":75,"column":17}},"21":{"start":{"line":77,"column":19},"end":{"line":77,"column":37}},"22":{"start":{"line":78,"column":18},"end":{"line":78,"column":56}},"23":{"start":{"line":80,"column":4},"end":{"line":82,"column":5}},"24":{"start":{"line":81,"column":6},"end":{"line":81,"column":34}},"25":{"start":{"line":84,"column":4},"end":{"line":86,"column":5}},"26":{"start":{"line":85,"column":6},"end":{"line":85,"column":34}},"27":{"start":{"line":88,"column":4},"end":{"line":92,"column":5}},"28":{"start":{"line":89,"column":6},"end":{"line":89,"column":23}},"29":{"start":{"line":90,"column":6},"end":{"line":90,"column":51}},"30":{"start":{"line":90,"column":20},"end":{"line":90,"column":51}},"31":{"start":{"line":91,"column":6},"end":{"line":91,"column":51}},"32":{"start":{"line":91,"column":20},"end":{"line":91,"column":51}},"33":{"start":{"line":94,"column":4},"end":{"line":100,"column":5}},"34":{"start":{"line":95,"column":6},"end":{"line":99,"column":8}},"35":{"start":{"line":102,"column":38},"end":{"line":112,"column":6}},"36":{"start":{"line":114,"column":4},"end":{"line":122,"column":7}},"37":{"start":{"line":124,"column":4},"end":{"line":124,"column":48}},"38":{"start":{"line":125,"column":4},"end":{"line":125,"column":63}},"39":{"start":{"line":129,"column":23},"end":{"line":160,"column":1}},"40":{"start":{"line":130,"column":2},"end":{"line":159,"column":3}},"41":{"start":{"line":131,"column":19},"end":{"line":131,"column":29}},"42":{"start":{"line":133,"column":20},"end":{"line":144,"column":6}},"43":{"start":{"line":146,"column":4},"end":{"line":148,"column":5}},"44":{"start":{"line":147,"column":6},"end":{"line":147,"column":68}},"45":{"start":{"line":150,"column":4},"end":{"line":153,"column":6}},"46":{"start":{"line":155,"column":4},"end":{"line":155,"column":26}},"47":{"start":{"line":157,"column":4},"end":{"line":157,"column":47}},"48":{"start":{"line":158,"column":4},"end":{"line":158,"column":63}},"49":{"start":{"line":162,"column":26},"end":{"line":196,"column":1}},"50":{"start":{"line":163,"column":2},"end":{"line":195,"column":3}},"51":{"start":{"line":164,"column":45},"end":{"line":164,"column":54}},"52":{"start":{"line":165,"column":19},"end":{"line":165,"column":37}},"53":{"start":{"line":166,"column":18},"end":{"line":166,"column":43}},"54":{"start":{"line":168,"column":4},"end":{"line":170,"column":5}},"55":{"start":{"line":169,"column":6},"end":{"line":169,"column":28}},"56":{"start":{"line":172,"column":38},"end":{"line":181,"column":6}},"57":{"start":{"line":183,"column":4},"end":{"line":191,"column":7}},"58":{"start":{"line":193,"column":4},"end":{"line":193,"column":55}},"59":{"start":{"line":194,"column":4},"end":{"line":194,"column":63}},"60":{"start":{"line":198,"column":22},"end":{"line":249,"column":1}},"61":{"start":{"line":199,"column":2},"end":{"line":248,"column":3}},"62":{"start":{"line":200,"column":19},"end":{"line":200,"column":29}},"63":{"start":{"line":204,"column":8},"end":{"line":204,"column":16}},"64":{"start":{"line":206,"column":20},"end":{"line":208,"column":6}},"65":{"start":{"line":210,"column":4},"end":{"line":212,"column":5}},"66":{"start":{"line":211,"column":6},"end":{"line":211,"column":84}},"67":{"start":{"line":214,"column":4},"end":{"line":231,"column":7}},"68":{"start":{"line":233,"column":27},"end":{"line":239,"column":6}},"69":{"start":{"line":241,"column":4},"end":{"line":244,"column":7}},"70":{"start":{"line":246,"column":4},"end":{"line":246,"column":50}},"71":{"start":{"line":247,"column":4},"end":{"line":247,"column":63}},"72":{"start":{"line":251,"column":22},"end":{"line":270,"column":1}},"73":{"start":{"line":252,"column":2},"end":{"line":269,"column":3}},"74":{"start":{"line":253,"column":19},"end":{"line":253,"column":29}},"75":{"start":{"line":255,"column":20},"end":{"line":257,"column":6}},"76":{"start":{"line":259,"column":4},"end":{"line":261,"column":5}},"77":{"start":{"line":260,"column":6},"end":{"line":260,"column":84}},"78":{"start":{"line":263,"column":4},"end":{"line":263,"column":45}},"79":{"start":{"line":265,"column":4},"end":{"line":265,"column":58}},"80":{"start":{"line":267,"column":4},"end":{"line":267,"column":50}},"81":{"start":{"line":268,"column":4},"end":{"line":268,"column":63}},"82":{"start":{"line":272,"column":26},"end":{"line":298,"column":1}},"83":{"start":{"line":273,"column":2},"end":{"line":297,"column":3}},"84":{"start":{"line":274,"column":26},"end":{"line":274,"column":35}},"85":{"start":{"line":276,"column":21},"end":{"line":285,"column":6}},"86":{"start":{"line":287,"column":4},"end":{"line":290,"column":7}},"87":{"start":{"line":292,"column":4},"end":{"line":292,"column":55}},"88":{"start":{"line":293,"column":4},"end":{"line":296,"column":7}},"89":{"start":{"line":300,"column":0},"end":{"line":308,"column":2}}},"fnMap":{"0":{"name":"(anonymous_0)","decl":{"start":{"line":5,"column":22},"end":{"line":5,"column":23}},"loc":{"start":{"line":5,"column":42},"end":{"line":61,"column":1}},"line":5},"1":{"name":"(anonymous_1)","decl":{"start":{"line":35,"column":42},"end":{"line":35,"column":43}},"loc":{"start":{"line":35,"column":59},"end":{"line":41,"column":7}},"line":35},"2":{"name":"(anonymous_2)","decl":{"start":{"line":63,"column":23},"end":{"line":63,"column":24}},"loc":{"start":{"line":63,"column":43},"end":{"line":127,"column":1}},"line":63},"3":{"name":"(anonymous_3)","decl":{"start":{"line":129,"column":23},"end":{"line":129,"column":24}},"loc":{"start":{"line":129,"column":43},"end":{"line":160,"column":1}},"line":129},"4":{"name":"(anonymous_4)","decl":{"start":{"line":162,"column":26},"end":{"line":162,"column":27}},"loc":{"start":{"line":162,"column":46},"end":{"line":196,"column":1}},"line":162},"5":{"name":"(anonymous_5)","decl":{"start":{"line":198,"column":22},"end":{"line":198,"column":23}},"loc":{"start":{"line":198,"column":42},"end":{"line":249,"column":1}},"line":198},"6":{"name":"(anonymous_6)","decl":{"start":{"line":251,"column":22},"end":{"line":251,"column":23}},"loc":{"start":{"line":251,"column":42},"end":{"line":270,"column":1}},"line":251},"7":{"name":"(anonymous_7)","decl":{"start":{"line":272,"column":26},"end":{"line":272,"column":27}},"loc":{"start":{"line":272,"column":46},"end":{"line":298,"column":1}},"line":272}},"branchMap":{"0":{"loc":{"start":{"line":8,"column":4},"end":{"line":10,"column":5}},"type":"if","locations":[{"start":{"line":8,"column":4},"end":{"line":10,"column":5}},{"start":{},"end":{}}],"line":8},"1":{"loc":{"start":{"line":34,"column":4},"end":{"line":43,"column":5}},"type":"if","locations":[{"start":{"line":34,"column":4},"end":{"line":43,"column":5}},{"start":{},"end":{}}],"line":34},"2":{"loc":{"start":{"line":34,"column":8},"end":{"line":34,"column":41}},"type":"binary-expr","locations":[{"start":{"line":34,"column":8},"end":{"line":34,"column":17}},{"start":{"line":34,"column":21},"end":{"line":34,"column":41}}],"line":34},"3":{"loc":{"start":{"line":66,"column":6},"end":{"line":66,"column":14}},"type":"default-arg","locations":[{"start":{"line":66,"column":13},"end":{"line":66,"column":14}}],"line":66},"4":{"loc":{"start":{"line":67,"column":6},"end":{"line":67,"column":16}},"type":"default-arg","locations":[{"start":{"line":67,"column":14},"end":{"line":67,"column":16}}],"line":67},"5":{"loc":{"start":{"line":73,"column":6},"end":{"line":73,"column":26}},"type":"default-arg","locations":[{"start":{"line":73,"column":15},"end":{"line":73,"column":26}}],"line":73},"6":{"loc":{"start":{"line":74,"column":6},"end":{"line":74,"column":24}},"type":"default-arg","locations":[{"start":{"line":74,"column":18},"end":{"line":74,"column":24}}],"line":74},"7":{"loc":{"start":{"line":80,"column":4},"end":{"line":82,"column":5}},"type":"if","locations":[{"start":{"line":80,"column":4},"end":{"line":82,"column":5}},{"start":{},"end":{}}],"line":80},"8":{"loc":{"start":{"line":84,"column":4},"end":{"line":86,"column":5}},"type":"if","locations":[{"start":{"line":84,"column":4},"end":{"line":86,"column":5}},{"start":{},"end":{}}],"line":84},"9":{"loc":{"start":{"line":88,"column":4},"end":{"line":92,"column":5}},"type":"if","locations":[{"start":{"line":88,"column":4},"end":{"line":92,"column":5}},{"start":{},"end":{}}],"line":88},"10":{"loc":{"start":{"line":88,"column":8},"end":{"line":88,"column":28}},"type":"binary-expr","locations":[{"start":{"line":88,"column":8},"end":{"line":88,"column":16}},{"start":{"line":88,"column":20},"end":{"line":88,"column":28}}],"line":88},"11":{"loc":{"start":{"line":90,"column":6},"end":{"line":90,"column":51}},"type":"if","locations":[{"start":{"line":90,"column":6},"end":{"line":90,"column":51}},{"start":{},"end":{}}],"line":90},"12":{"loc":{"start":{"line":91,"column":6},"end":{"line":91,"column":51}},"type":"if","locations":[{"start":{"line":91,"column":6},"end":{"line":91,"column":51}},{"start":{},"end":{}}],"line":91},"13":{"loc":{"start":{"line":94,"column":4},"end":{"line":100,"column":5}},"type":"if","locations":[{"start":{"line":94,"column":4},"end":{"line":100,"column":5}},{"start":{},"end":{}}],"line":94},"14":{"loc":{"start":{"line":146,"column":4},"end":{"line":148,"column":5}},"type":"if","locations":[{"start":{"line":146,"column":4},"end":{"line":148,"column":5}},{"start":{},"end":{}}],"line":146},"15":{"loc":{"start":{"line":164,"column":12},"end":{"line":164,"column":20}},"type":"default-arg","locations":[{"start":{"line":164,"column":19},"end":{"line":164,"column":20}}],"line":164},"16":{"loc":{"start":{"line":164,"column":22},"end":{"line":164,"column":32}},"type":"default-arg","locations":[{"start":{"line":164,"column":30},"end":{"line":164,"column":32}}],"line":164},"17":{"loc":{"start":{"line":168,"column":4},"end":{"line":170,"column":5}},"type":"if","locations":[{"start":{"line":168,"column":4},"end":{"line":170,"column":5}},{"start":{},"end":{}}],"line":168},"18":{"loc":{"start":{"line":210,"column":4},"end":{"line":212,"column":5}},"type":"if","locations":[{"start":{"line":210,"column":4},"end":{"line":212,"column":5}},{"start":{},"end":{}}],"line":210},"19":{"loc":{"start":{"line":259,"column":4},"end":{"line":261,"column":5}},"type":"if","locations":[{"start":{"line":259,"column":4},"end":{"line":261,"column":5}},{"start":{},"end":{}}],"line":259},"20":{"loc":{"start":{"line":274,"column":12},"end":{"line":274,"column":21}},"type":"default-arg","locations":[{"start":{"line":274,"column":20},"end":{"line":274,"column":21}}],"line":274}},"s":{"0":0,"1":0,"2":0,"3":0,"4":0,"5":0,"6":0,"7":0,"8":0,"9":0,"10":0,"11":0,"12":0,"13":0,"14":0,"15":0,"16":0,"17":0,"18":0,"19":0,"20":0,"21":0,"22":0,"23":0,"24":0,"25":0,"26":0,"27":0,"28":0,"29":0,"30":0,"31":0,"32":0,"33":0,"34":0,"35":0,"36":0,"37":0,"38":0,"39":0,"40":0,"41":0,"42":0,"43":0,"44":0,"45":0,"46":0,"47":0,"48":0,"49":0,"50":0,"51":0,"52":0,"53":0,"54":0,"55":0,"56":0,"57":0,"58":0,"59":0,"60":0,"61":0,"62":0,"63":0,"64":0,"65":0,"66":0,"67":0,"68":0,"69":0,"70":0,"71":0,"72":0,"73":0,"74":0,"75":0,"76":0,"77":0,"78":0,"79":0,"80":0,"81":0,"82":0,"83":0,"84":0,"85":0,"86":0,"87":0,"88":0,"89":0},"f":{"0":0,"1":0,"2":0,"3":0,"4":0,"5":0,"6":0,"7":0},"b":{"0":[0,0],"1":[0,0],"2":[0,0],"3":[0],"4":[0],"5":[0],"6":[0],"7":[0,0],"8":[0,0],"9":[0,0],"10":[0,0],"11":[0,0],"12":[0,0],"13":[0,0],"14":[0,0],"15":[0],"16":[0],"17":[0,0],"18":[0,0],"19":[0,0],"20":[0]}}
,"C:\\Users\\acer\\EcoSwap\\backend\\controllers\\requestController.js": {"path":"C:\\Users\\acer\\EcoSwap\\backend\\controllers\\requestController.js","statementMap":{"0":{"start":{"line":1,"column":26},"end":{"line":1,"column":46}},"1":{"start":{"line":2,"column":15},"end":{"line":2,"column":35}},"2":{"start":{"line":4,"column":22},"end":{"line":40,"column":1}},"3":{"start":{"line":5,"column":2},"end":{"line":39,"column":3}},"4":{"start":{"line":6,"column":75},"end":{"line":6,"column":83}},"5":{"start":{"line":7,"column":20},"end":{"line":7,"column":31}},"6":{"start":{"line":9,"column":4},"end":{"line":15,"column":7}},"7":{"start":{"line":17,"column":20},"end":{"line":25,"column":6}},"8":{"start":{"line":27,"column":4},"end":{"line":31,"column":7}},"9":{"start":{"line":33,"column":4},"end":{"line":33,"column":52}},"10":{"start":{"line":34,"column":4},"end":{"line":38,"column":7}},"11":{"start":{"line":42,"column":26},"end":{"line":91,"column":1}},"12":{"start":{"line":43,"column":2},"end":{"line":90,"column":3}},"13":{"start":{"line":44,"column":4},"end":{"line":44,"column":68}},"14":{"start":{"line":46,"column":4},"end":{"line":51,"column":5}},"15":{"start":{"line":47,"column":6},"end":{"line":50,"column":9}},"16":{"start":{"line":53,"column":21},"end":{"line":53,"column":32}},"17":{"start":{"line":55,"column":21},"end":{"line":63,"column":6}},"18":{"start":{"line":65,"column":4},"end":{"line":65,"column":76}},"19":{"start":{"line":67,"column":30},"end":{"line":77,"column":7}},"20":{"start":{"line":67,"column":55},"end":{"line":77,"column":5}},"21":{"start":{"line":79,"column":4},"end":{"line":82,"column":7}},"22":{"start":{"line":84,"column":4},"end":{"line":84,"column":60}},"23":{"start":{"line":85,"column":4},"end":{"line":89,"column":7}},"24":{"start":{"line":93,"column":25},"end":{"line":132,"column":1}},"25":{"start":{"line":94,"column":2},"end":{"line":131,"column":3}},"26":{"start":{"line":95,"column":20},"end":{"line":95,"column":31}},"27":{"start":{"line":97,"column":21},"end":{"line":105,"column":6}},"28":{"start":{"line":107,"column":30},"end":{"line":118,"column":7}},"29":{"start":{"line":107,"column":55},"end":{"line":118,"column":5}},"30":{"start":{"line":120,"column":4},"end":{"line":123,"column":7}},"31":{"start":{"line":125,"column":4},"end":{"line":125,"column":59}},"32":{"start":{"line":126,"column":4},"end":{"line":130,"column":7}},"33":{"start":{"line":134,"column":28},"end":{"line":207,"column":1}},"34":{"start":{"line":135,"column":2},"end":{"line":206,"column":3}},"35":{"start":{"line":136,"column":19},"end":{"line":136,"column":29}},"36":{"start":{"line":137,"column":38},"end":{"line":137,"column":46}},"37":{"start":{"line":138,"column":21},"end":{"line":138,"column":32}},"38":{"start":{"line":140,"column":4},"end":{"line":140,"column":88}},"39":{"start":{"line":142,"column":20},"end":{"line":144,"column":6}},"40":{"start":{"line":146,"column":4},"end":{"line":146,"column":79}},"41":{"start":{"line":148,"column":4},"end":{"line":153,"column":5}},"42":{"start":{"line":149,"column":6},"end":{"line":152,"column":9}},"43":{"start":{"line":155,"column":23},"end":{"line":155,"column":33}},"44":{"start":{"line":157,"column":4},"end":{"line":187,"column":5}},"45":{"start":{"line":158,"column":25},"end":{"line":158,"column":56}},"46":{"start":{"line":159,"column":29},"end":{"line":159,"column":67}},"47":{"start":{"line":161,"column":6},"end":{"line":161,"column":47}},"48":{"start":{"line":162,"column":6},"end":{"line":162,"column":46}},"49":{"start":{"line":163,"column":6},"end":{"line":163,"column":49}},"50":{"start":{"line":165,"column":6},"end":{"line":170,"column":9}},"51":{"start":{"line":171,"column":11},"end":{"line":187,"column":5}},"52":{"start":{"line":172,"column":25},"end":{"line":172,"column":56}},"53":{"start":{"line":173,"column":29},"end":{"line":173,"column":67}},"54":{"start":{"line":175,"column":6},"end":{"line":175,"column":47}},"55":{"start":{"line":176,"column":6},"end":{"line":176,"column":46}},"56":{"start":{"line":177,"column":6},"end":{"line":177,"column":49}},"57":{"start":{"line":179,"column":6},"end":{"line":184,"column":9}},"58":{"start":{"line":185,"column":11},"end":{"line":187,"column":5}},"59":{"start":{"line":186,"column":6},"end":{"line":186,"column":65}},"60":{"start":{"line":189,"column":4},"end":{"line":189,"column":37}},"61":{"start":{"line":191,"column":27},"end":{"line":191,"column":53}},"62":{"start":{"line":192,"column":4},"end":{"line":192,"column":94}},"63":{"start":{"line":194,"column":4},"end":{"line":198,"column":7}},"64":{"start":{"line":200,"column":4},"end":{"line":200,"column":61}},"65":{"start":{"line":201,"column":4},"end":{"line":205,"column":7}},"66":{"start":{"line":209,"column":22},"end":{"line":239,"column":1}},"67":{"start":{"line":210,"column":2},"end":{"line":238,"column":3}},"68":{"start":{"line":211,"column":19},"end":{"line":211,"column":29}},"69":{"start":{"line":212,"column":20},"end":{"line":212,"column":31}},"70":{"start":{"line":214,"column":20},"end":{"line":216,"column":6}},"71":{"start":{"line":218,"column":4},"end":{"line":223,"column":5}},"72":{"start":{"line":219,"column":6},"end":{"line":222,"column":9}},"73":{"start":{"line":225,"column":4},"end":{"line":225,"column":28}},"74":{"start":{"line":227,"column":4},"end":{"line":230,"column":7}},"75":{"start":{"line":232,"column":4},"end":{"line":232,"column":52}},"76":{"start":{"line":233,"column":4},"end":{"line":237,"column":7}},"77":{"start":{"line":242,"column":14},"end":{"line":242,"column":24}},"78":{"start":{"line":243,"column":19},"end":{"line":243,"column":39}},"79":{"start":{"line":244,"column":22},"end":{"line":244,"column":61}},"80":{"start":{"line":245,"column":21},"end":{"line":245,"column":49}},"81":{"start":{"line":247,"column":2},"end":{"line":253,"column":3}},"82":{"start":{"line":248,"column":4},"end":{"line":248,"column":22}},"83":{"start":{"line":249,"column":9},"end":{"line":253,"column":3}},"84":{"start":{"line":250,"column":4},"end":{
[...]
,"C:\\Users\\acer\\EcoSwap\\backend\\models\\Category.js": {"path":"C:\\Users\\acer\\EcoSwap\\backend\\models\\Category.js","statementMap":{"0":{"start":{"line":1,"column":22},"end":{"line":1,"column":42}},"1":{"start":{"line":2,"column":18},"end":{"line":2,"column":47}},"2":{"start":{"line":4,"column":17},"end":{"line":25,"column":2}},"3":{"start":{"line":27,"column":0},"end":{"line":27,"column":26}}},"fnMap":{},"branchMap":{},"s":{"0":4,"1":4,"2":4,"3":4},"f":{},"b":{},"_coverageSchema":"1a1c01bbd47fc00a2c39e90264f33305004495a9","hash":"9a4539adda8936217707a77f69fb4966de0b9369"}
,"C:\\Users\\acer\\EcoSwap\\backend\\models\\Order.js": {"path":"C:\\Users\\acer\\EcoSwap\\backend\\models\\Order.js","statementMap":{"0":{"start":{"line":1,"column":22},"end":{"line":1,"column":42}},"1":{"start":{"line":2,"column":18},"end":{"line":2,"column":47}},"2":{"start":{"line":4,"column":14},"end":{"line":73,"column":2}},"3":{"start":{"line":75,"column":0},"end":{"line":75,"column":23}}},"fnMap":{},"branchMap":{},"s":{"0":4,"1":4,"2":4,"3":4},"f":{},"b":{},"_coverageSchema":"1a1c01bbd47fc00a2c39e90264f33305004495a9","hash":"89770de4e01ef8d8f5b8fc994552c9fc27949c9a"}
,"C:\\Users\\acer\\EcoSwap\\backend\\models\\OrderItem.js": {"path":"C:\\Users\\acer\\EcoSwap\\backend\\models\\OrderItem.js","statementMap":{"0":{"start":{"line":1,"column":22},"end":{"line":1,"column":42}},"1":{"start":{"line":2,"column":18},"end":{"line":2,"column":47}},"2":{"start":{"line":4,"column":18},"end":{"line":42,"column":2}},"3":{"start":{"line":44,"column":0},"end":{"line":44,"column":27}}},"fnMap":{},"branchMap":{},"s":{"0":4,"1":4,"2":4,"3":4},"f":{},"b":{},"_coverageSchema":"1a1c01bbd47fc00a2c39e90264f33305004495a9","hash":"9c3ce24d8e14f2ac8e159807f59f44a0c7ba4797"}
,"C:\\Users\\acer\\EcoSwap\\backend\\models\\Product.js": {"path":"C:\\Users\\acer\\EcoSwap\\backend\\models\\Product.js","statementMap":{"0":{"start":{"line":1,"column":22},"end":{"line":1,"column":42}},"1":{"start":{"line":2,"column":18},"end":{"line":2,"column":47}},"2":{"start":{"line":4,"column":16},"end":{"line":108,"column":2}},"3":{"start":{"line":110,"column":0},"end":{"line":110,"column":25}}},"fnMap":{},"branchMap":{},"s":{"0":4,"1":4,"2":4,"3":4},"f":{},"b":{},"_coverageSchema":"1a1c01bbd47fc00a2c39e90264f33305004495a9","hash":"cacf9f9adfe0a9dfabaf389f29decde2630e9efa"}
,"C:\\Users\\acer\\EcoSwap\\backend\\models\\ProductImage.js": {"path":"C:\\Users\\acer\\EcoSwap\\backend\\models\\ProductImage.js","statementMap":{"0":{"start":{"line":1,"column":22},"end":{"line":1,"column":42}},"1":{"start":{"line":2,"column":18},"end":{"line":2,"column":47}},"2":{"start":{"line":4,"column":21},"end":{"line":32,"column":2}},"3":{"start":{"line":34,"column":0},"end":{"line":34,"column":30}}},"fnMap":{},"branchMap":{},"s":{"0":4,"1":4,"2":4,"3":4},"f":{},"b":{},"_coverageSchema":"1a1c01bbd47fc00a2c39e90264f33305004495a9","hash":"264ca819cae750253de7160be9bb5cc803027923"}
,"C:\\Users\\acer\\EcoSwap\\backend\\models\\Request.js": {"path":"C:\\Users\\acer\\EcoSwap\\backend\\models\\Request.js","statementMap":{"0":{"start":{"line":1,"column":22},"end":{"line":1,"column":42}},"1":{"start":{"line":2,"column":18},"end":{"line":2,"column":47}},"2":{"start":{"line":4,"column":16},"end":{"line":63,"column":2}},"3":{"start":{"line":65,"column":0},"end":{"line":65,"column":25}}},"fnMap":{},"branchMap":{},"s":{"0":4,"1":4,"2":4,"3":4},"f":{},"b":{},"_coverageSchema":"1a1c01bbd47fc00a2c39e90264f33305004495a9","hash":"32d2ad2bf3a3c738b258c5cc99e1027a63d1cdeb"}
,"C:\\Users\\acer\\EcoSwap\\backend\\models\\Review.js": {"path":"C:\\Users\\acer\\EcoSwap\\backend\\models\\Review.js","statementMap":{"0":{"start":{"line":1,"column":22},"end":{"line":1,"column":42}},"1":{"start":{"line":2,"column":18},"end":{"line":2,"column":47}},"2":{"start":{"line":4,"column":15},"end":{"line":64,"column":2}},"3":{"start":{"line":66,"column":0},"end":{"line":66,"column":24}}},"fnMap":{},"branchMap":{},"s":{"0":4,"1":4,"2":4,"3":4},"f":{},"b":{},"_coverageSchema":"1a1c01bbd47fc00a2c39e90264f33305004495a9","hash":"a2c99320248f3fafaad4c11bbabfc7a5d31d7c7c"}
,"C:\\Users\\acer\\EcoSwap\\backend\\models\\User.js": {"path":"C:\\Users\\acer\\EcoSwap\\backend\\models\\User.js","statementMap":{"0":{"start":{"line":1,"column":22},"end":{"line":1,"column":42}},"1":{"start":{"line":2,"column":18},"end":{"line":2,"column":47}},"2":{"start":{"line":3,"column":15},"end":{"line":3,"column":34}},"3":{"start":{"line":5,"column":13},"end":{"line":94,"column":2}},"4":{"start":{"line":84,"column":6},"end":{"line":86,"column":7}},"5":{"start":{"line":85,"column":8},"end":{"line":85,"column":61}},"6":{"start":{"line":89,"column":6},"end":{"line":91,"column":7}},"7":{"start":{"line":90,"column":8},"end":{"line":90,"column":61}},"8":{"start":{"line":96,"column":0},"end":{"line":98,"column":2}},"9":{"start":{"line":97,"column":2},"end":{"line":97,"column":49}},"10":{"start":{"line":100,"column":0},"end":{"line":100,"column":22}}},"fnMap":{"0":{"name":"(anonymous_0)","decl":{"start":{"line":83,"column":18},"end":{"line":83,"column":19}},"loc":{"start":{"line":83,"column":34},"end":{"line":87,"column":5}},"line":83},"1":{"name":"(anonymous_1)","decl":{"start":{"line":88,"column":18},"end":{"line":88,"column":19}},"loc":{"start":{"line":88,"column":34},"end":{"line":92,"column":5}},"line":88},"2":{"name":"(anonymous_2)","decl":{"start":{"line":96,"column":33},"end":{"line":96,"column":34}},"loc":{"start":{"line":96,"column":58},"end":{"line":98,"column":1}},"line":96}},"branchMap":{"0":{"loc":{"start":{"line":84,"column":6},"end":{"line":86,"column":7}},"type":"if","locations":[{"start":{"line":84,"column":6},"end":{"line":86,"column":7}},{"start":{},"end":{}}],"line":84},"1":{"loc":{"start":{"line":89,"column":6},"end":{"line":91,"column":7}},"type":"if","locations":[{"start":{"line":89,"column":6},"end":{"line":91,"column":7}},{"start":{},"end":{}}],"line":89}},"s":{"0":4,"1":4,"2":4,"3":4,"4":0,"5":0,"6":0,"7":0,"8":4,"9":0,"10":4},"f":{"0":0,"1":0,"2":0},"b":{"0":[0,0],"1":[0,0]},"_coverageSchema":"1a1c01bbd47fc00a2c39e90264f33305004495a9","hash":"1bba2d4a13a6313ee531a496ac3f2bdbb1ec1efd"}
,"C:\\Users\\acer\\EcoSwap\\backend\\models\\index.js": {"path":"C:\\Users\\acer\\EcoSwap\\backend\\models\\index.js","statementMap":{"0":{"start":{"line":1,"column":18},"end":{"line":1,"column":47}},"1":{"start":{"line":2,"column":13},"end":{"line":2,"column":30}},"2":{"start":{"line":3,"column":16},"end":{"line":3,"column":36}},"3":{"start":{"line":4,"column":14},"end":{"line":4,"column":32}},"4":{"start":{"line":5,"column":18},"end":{"line":5,"column":40}},"5":{"start":{"line":6,"column":15},"end":{"line":6,"column":34}},"6":{"start":{"line":7,"column":17},"end":{"line":7,"column":38}},"7":{"start":{"line":8,"column":21},"end":{"line":8,"column":46}},"8":{"start":{"line":9,"column":16},"end":{"line":9,"column":36}},"9":{"start":{"line":11,"column":0},"end":{"line":11,"column":66}},"10":{"start":{"line":12,"column":0},"end":{"line":12,"column":66}},"11":{"start":{"line":14,"column":0},"end":{"line":14,"column":61}},"12":{"start":{"line":15,"column":0},"end":{"line":15,"column":62}},"13":{"start":{"line":17,"column":0},"end":{"line":17,"column":65}},"14":{"start":{"line":18,"column":0},"end":{"line":18,"column":54}},"15":{"start":{"line":20,"column":0},"end":{"line":20,"column":56}},"16":{"start":{"line":21,"column":0},"end":{"line":21,"column":58}},"17":{"start":{"line":23,"column":0},"end":{"line":23,"column":68}},"18":{"start":{"line":24,"column":0},"end":{"line":24,"column":63}},"19":{"start":{"line":26,"column":0},"end":{"line":26,"column":72}},"20":{"start":{"line":27,"column":0},"end":{"line":27,"column":65}},"21":{"start":{"line":29,"column":0},"end":{"line":29,"column":68}},"22":{"start":{"line":30,"column":0},"end":{"line":30,"column":55}},"23":{"start":{"line":32,"column":0},"end":{"line":32,"column":56}},"24":{"start":{"line":33,"column":0},"end":{"line":33,"column":58}},"25":{"start":{"line":35,"column":0},"end":{"line":35,"column":73}},"26":{"start":{"line":36,"column":0},"end":{"line":36,"column":61}},"27":{"start":{"line":38,"column":0},"end":{"line":38,"column":70}},"28":{"start":{"line":39,"column":0},"end":{"line":39,"column":64}},"29":{"start":{"line":41,"column":0},"end":{"line":41,"column":72}},"30":{"start":{"line":42,"column":0},"end":{"line":42,"column":66}},"31":{"start":{"line":44,"column":0},"end":{"line":54,"column":2}}},"fnMap":{},"branchMap":{},"s":{"0":4,"1":4,"2":4,"3":4,"4":4,"5":4,"6":4,"7":4,"8":4,"9":4,"10":4,"11":4,"12":4,"13":4,"14":4,"15":4,"16":4,"17":4,"18":4,"19":4,"20":4,"21":4,"22":4,"23":4,"24":4,"25":4,"26":4,"27":4,"28":4,"29":4,"30":4,"31":4},"f":{},"b":{},"_coverageSchema":"1a1c01bbd47fc00a2c39e90264f33305004495a9","hash":"fddc0230e84980ea05728396365febad84a9c278"}
,"C:\\Users\\acer\\EcoSwap\\backend\\routes\\admin.js": {"path":"C:\\Users\\acer\\EcoSwap\\backend\\routes\\admin.js","statementMap":{"0":{"start":{"line":1,"column":16},"end":{"line":1,"column":34}},"1":{"start":{"line":2,"column":17},"end":{"line":2,"column":45}},"2":{"start":{"line":19,"column":4},"end":{"line":19,"column":45}},"3":{"start":{"line":20,"column":46},"end":{"line":20,"column":75}},"4":{"start":{"line":22,"column":15},"end":{"line":22,"column":31}},"5":{"start":{"line":24,"column":29},"end":{"line":27,"column":1}},"6":{"start":{"line":29,"column":32},"end":{"line":32,"column":1}},"7":{"start":{"line":34,"column":27},"end":{"line":37,"column":1}},"8":{"start":{"line":39,"column":33},"end":{"line":43,"column":1}},"9":{"start":{"line":45,"column":23},"end":{"line":50,"column":1}},"10":{"start":{"line":52,"column":29},"end":{"line":56,"column":1}},"11":{"start":{"line":58,"column":0},"end":{"line":58,"column":30}},"12":{"start":{"line":59,"column":0},"end":{"line":59,"column":36}},"13":{"start":{"line":61,"column":0},"end":{"line":61,"column":44}},"14":{"start":{"line":62,"column":0},"end":{"line":62,"column":47}},"15":{"start":{"line":63,"column":0},"end":{"line":63,"column":45}},"16":{"start":{"line":64,"column":0},"end":{"line":64,"column":34}},"17":{"start":{"line":65,"column":0},"end":{"line":65,"column":50}},"18":{"start":{"line":66,"column":0},"end":{"line":66,"column":59}},"19":{"start":{"line":67,"column":0},"end":{"line":67,"column":40}},"20":{"start":{"line":68,"column":0},"end":{"line":68,"column":72}},"21":{"start":{"line":69,"column":0},"end":{"line":69,"column":40}},"22":{"start":{"line":70,"column":0},"end":{"line":70,"column":81}},"23":{"start":{"line":71,"column":0},"end":{"line":71,"column":36}},"24":{"start":{"line":72,"column":0},"end":{"line":72,"column":39}},"25":{"start":{"line":73,"column":0},"end":{"line":73,"column":41}},"26":{"start":{"line":74,"column":0},"end":{"line":74,"column":63}},"27":{"start":{"line":75,"column":0},"end":{"line":75,"column":72}},"28":{"start":{"line":77,"column":0},"end":{"line":77,"column":24}}},"fnMap":{},"branchMap":{},"s":{"0":0,"1":0,"2":0,"3":0,"4":0,"5":0,"6":0,"7":0,"8":0,"9":0,"10":0,"11":0,"12":0,"13":0,"14":0,"15":0,"16":0,"17":0,"18":0,"19":0,"20":0,"21":0,"22":0,"23":0,"24":0,"25":0,"26":0,"27":0,"28":0},"f":{},"b":{}}
,"C:\\Users\\acer\\EcoSwap\\backend\\routes\\auth.js": {"path":"C:\\Users\\acer\\EcoSwap\\backend\\routes\\auth.js","statementMap":{"0":{"start":{"line":1,"column":16},"end":{"line":1,"column":34}},"1":{"start":{"line":2,"column":17},"end":{"line":2,"column":45}},"2":{"start":{"line":3,"column":55},"end":{"line":3,"column":95}},"3":{"start":{"line":4,"column":30},"end":{"line":4,"column":59}},"4":{"start":{"line":5,"column":31},"end":{"line":5,"column":62}},"5":{"start":{"line":7,"column":15},"end":{"line":7,"column":31}},"6":{"start":{"line":9,"column":27},"end":{"line":15,"column":1}},"7":{"start":{"line":17,"column":24},"end":{"line":21,"column":1}},"8":{"start":{"line":23,"column":0},"end":{"line":23,"column":55}},"9":{"start":{"line":24,"column":0},"end":{"line":24,"column":46}},"10":{"start":{"line":25,"column":0},"end":{"line":25,"column":54}},"11":{"start":{"line":26,"column":0},"end":{"line":26,"column":77}},"12":{"start":{"line":28,"column":0},"end":{"line":28,"column":24}}},"fnMap":{},"branchMap":{},"s":{"0":0,"1":0,"2":0,"3":0,"4":0,"5":0,"6":0,"7":0,"8":0,"9":0,"10":0,"11":0,"12":0},"f":{},"b":{}}
,"C:\\Users\\acer\\EcoSwap\\backend\\routes\\order.js": {"path":"C:\\Users\\acer\\EcoSwap\\backend\\routes\\order.js","statementMap":{"0":{"start":{"line":1,"column":16},"end":{"line":1,"column":34}},"1":{"start":{"line":2,"column":17},"end":{"line":2,"column":45}},"2":{"start":{"line":10,"column":4},"end":{"line":10,"column":45}},"3":{"start":{"line":11,"column":46},"end":{"line":11,"column":75}},"4":{"start":{"line":13,"column":15},"end":{"line":13,"column":31}},"5":{"start":{"line":15,"column":24},"end":{"line":23,"column":1}},"6":{"start":{"line":25,"column":31},"end":{"line":27,"column":1}},"7":{"start":{"line":29,"column":0},"end":{"line":29,"column":91}},"8":{"start":{"line":30,"column":0},"end":{"line":30,"column":81}},"9":{"start":{"line":31,"column":0},"end":{"line":31,"column":99}},"10":{"start":{"line":32,"column":0},"end":{"line":32,"column":84}},"11":{"start":{"line":33,"column":0},"end":{"line":33,"column":52}},"12":{"start":{"line":34,"column":0},"end":{"line":34,"column":123}},"13":{"start":{"line":36,"column":0},"end":{"line":36,"column":24}}},"fnMap":{},"branchMap":{},"s":{"0":0,"1":0,"2":0,"3":0,"4":0,"5":0,"6":0,"7":0,"8":0,"9":0,"10":0,"11":0,"12":0,"13":0},"f":{},"b":{}}
,"C:\\Users\\acer\\EcoSwap\\backend\\routes\\product.js": {"path":"C:\\Users\\acer\\EcoSwap\\backend\\routes\\product.js","statementMap":{"0":{"start":{"line":1,"column":16},"end":{"line":1,"column":34}},"1":{"start":{"line":2,"column":17},"end":{"line":2,"column":45}},"2":{"start":{"line":11,"column":4},"end":{"line":11,"column":47}},"3":{"start":{"line":12,"column":60},"end":{"line":12,"column":89}},"4":{"start":{"line":13,"column":32},"end":{"line":13,"column":63}},"5":{"start":{"line":15,"column":15},"end":{"line":15,"column":31}},"6":{"start":{"line":17,"column":26},"end":{"line":22,"column":1}},"7":{"start":{"line":24,"column":0},"end":{"line":24,"column":46}},"8":{"start":{"line":25,"column":0},"end":{"line":25,"column":55}},"9":{"start":{"line":26,"column":0},"end":{"line":26,"column":86}},"10":{"start":{"line":27,"column":0},"end":{"line":27,"column":49}},"11":{"start":{"line":28,"column":0},"end":{"line":28,"column":117}},"12":{"start":{"line":29,"column":0},"end":{"line":29,"column":79}},"13":{"start":{"line":30,"column":0},"end":{"line":30,"column":82}},"14":{"start":{"line":32,"column":0},"end":{"line":32,"column":24}}},"fnMap":{},"branchMap":{},"s":{"0":0,"1":0,"2":0,"3":0,"4":0,"5":0,"6":0,"7":0,"8":0,"9":0,"10":0,"11":0,"12":0,"13":0,"14":0},"f":{},"b":{}}
,"C:\\Users\\acer\\EcoSwap\\backend\\routes\\request.js": {"path":"C:\\Users\\acer\\EcoSwap\\backend\\routes\\request.js","statementMap":{"0":{"start":{"line":1,"column":16},"end":{"line":1,"column":34}},"1":{"start":{"line":2,"column":15},"end":{"line":2,"column":31}},"2":{"start":{"line":3,"column":99},"end":{"line":3,"column":142}},"3":{"start":{"line":4,"column":30},"end":{"line":4,"column":59}},"4":{"start":{"line":6,"column":0},"end":{"line":6,"column":57}},"5":{"start":{"line":7,"column":0},"end":{"line":7,"column":60}},"6":{"start":{"line":8,"column":0},"end":{"line":8,"column":58}},"7":{"start":{"line":9,"column":0},"end":{"line":9,"column":66}},"8":{"start":{"line":10,"column":0},"end":{"line":10,"column":56}},"9":{"start":{"line":12,"column":0},"end":{"line":12,"column":24}}},"fnMap":{},"branchMap":{},"s":{"0":0,"1":0,"2":0,"3":0,"4":0,"5":0,"6":0,"7":0,"8":0,"9":0},"f":{},"b":{}}
,"C:\\Users\\acer\\EcoSwap\\backend\\routes\\review.js": {"path":"C:\\Users\\acer\\EcoSwap\\backend\\routes\\review.js","statementMap":{"0":{"start":{"line":1,"column":16},"end":{"line":1,"column":34}},"1":{"start":{"line":2,"column":17},"end":{"line":2,"column":45}},"2":{"start":{"line":11,"column":4},"end":{"line":11,"column":46}},"3":{"start":{"line":12,"column":60},"end":{"line":12,"column":89}},"4":{"start":{"line":14,"column":15},"end":{"line":14,"column":31}},"5":{"start":{"line":16,"column":25},"end":{"line":20,"column":1}},"6":{"start":{"line":22,"column":31},"end":{"line":24,"column":1}},"7":{"start":{"line":26,"column":0},"end":{"line":26,"column":93}},"8":{"start":{"line":27,"column":0},"end":{"line":27,"column":55}},"9":{"start":{"line":28,"column":0},"end":{"line":28,"column":98}},"10":{"start":{"line":29,"column":0},"end":{"line":29,"column":67}},"11":{"start":{"line":30,"column":0},"end":{"line":30,"column":64}},"12":{"start":{"line":31,"column":0},"end":{"line":31,"column":101}},"13":{"start":{"line":32,"column":0},"end":{"line":32,"column":80}},"14":{"start":{"line":34,"column":0},"end":{"line":34,"column":24}}},"fnMap":{},"branchMap":{},"s":{"0":0,"1":0,"2":0,"3":0,"4":0,"5":0,"6":0,"7":0,"8":0,"9":0,"10":0,"11":0,"12":0,"13":0,"14":0},"f":{},"b":{}}
,"C:\\Users\\acer\\EcoSwap\\backend\\routes\\seller.js": {"path":"C:\\Users\\acer\\EcoSwap\\backend\\routes\\seller.js","statementMap":{"0":{"start":{"line":1,"column":16},"end":{"line":1,"column":34}},"1":{"start":{"line":2,"column":15},"end":{"line":2,"column":31}},"2":{"start":{"line":3,"column":30},"end":{"line":3,"column":59}},"3":{"start":{"line":4,"column":32},"end":{"line":4,"column":63}},"4":{"start":{"line":14,"column":4},"end":{"line":14,"column":46}},"5":{"start":{"line":17,"column":0},"end":{"line":17,"column":30}},"6":{"start":{"line":20,"column":0},"end":{"line":20,"column":45}},"7":{"start":{"line":23,"column":0},"end":{"line":23,"column":44}},"8":{"start":{"line":26,"column":0},"end":{"line":26,"column":43}},"9":{"start":{"line":29,"column":0},"end":{"line":29,"column":39}},"10":{"start":{"line":32,"column":0},"end":{"line":32,"column":58}},"11":{"start":{"line":35,"column":0},"end":{"line":35,"column":64}},"12":{"start":{"line":38,"column":0},"end":{"line":38,"column":46}},"13":{"start":{"line":41,"column":0},"end":{"line":41,"column":45}},"14":{"start":{"line":43,"column":0},"end":{"line":43,"column":24}}},"fnMap":{},"branchMap":{},"s":{"0":0,"1":0,"2":0,"3":0,"4":0,"5":0,"6":0,"7":0,"8":0,"9":0,"10":0,"11":0,"12":0,"13":0,"14":0},"f":{},"b":{}}
,"C:\\Users\\acer\\EcoSwap\\backend\\routes\\user.js": {"path":"C:\\Users\\acer\\EcoSwap\\backend\\routes\\user.js","statementMap":{"0":{"start":{"line":1,"column":16},"end":{"line":1,"column":34}},"1":{"start":{"line":2,"column":17},"end":{"line":2,"column":45}},"2":{"start":{"line":10,"column":4},"end":{"line":10,"column":44}},"3":{"start":{"line":11,"column":30},"end":{"line":11,"column":59}},"4":{"start":{"line":12,"column":31},"end":{"line":12,"column":62}},"5":{"start":{"line":14,"column":15},"end":{"line":14,"column":31}},"6":{"start":{"line":16,"column":33},"end":{"line":19,"column":1}},"7":{"start":{"line":21,"column":0},"end":{"line":21,"column":35}},"8":{"start":{"line":22,"column":0},"end":{"line":22,"column":54}},"9":{"start":{"line":23,"column":0},"end":{"line":23,"column":35}},"10":{"start":{"line":24,"column":0},"end":{"line":24,"column":81}},"11":{"start":{"line":25,"column":0},"end":{"line":25,"column":92}},"12":{"start":{"line":26,"column":0},"end":{"line":26,"column":64}},"13":{"start":{"line":28,"column":0},"end":{"line":28,"column":24}}},"fnMap":{},"branchMap":{},"s":{"0":0,"1":0,"2":0,"3":0,"4":0,"5":0,"6":0,"7":0,"8":0,"9":0,"10":0,"11":0,"12":0,"13":0},"f":{},"b":{}}
}
